2024-03-14 10:19:30,756 [INFO] Activator:176 - 


2024-03-14 10:19:30,759 [INFO] Activator:177 - !SESSION log4j initialized
2024-03-14 10:19:34,602 [INFO] LogOutputStream:77 - [STDOUT_REDIRECT] 
2024-03-14 10:19:35,091 [INFO] ApplicationProperties:184 - Using Application install path: /opt/st/stm32cubeide_1.13.2/plugins/com.st.stm32cube.common.mx_6.9.2.202309101412
2024-03-14 10:19:35,102 [INFO] DbMcusXml:78 - Set database path to: /opt/st/stm32cubeide_1.13.2/plugins/com.st.stm32cube.common.mx_6.9.2.202309101412//db//mcu/
2024-03-14 10:19:35,103 [INFO] ApiDb:274 - Set plugin database path to: /opt/st/stm32cubeide_1.13.2/plugins/com.st.stm32cube.common.mx_6.9.2.202309101412//db//plugins/boardmanager/
2024-03-14 10:19:35,103 [WARN] ApiDb:259 - Overriding images path with different value:  => /opt/st/stm32cubeide_1.13.2/plugins/com.st.stm32cube.common.mx_6.9.2.202309101412//db//plugins/mcufinder/images/
2024-03-14 10:19:35,108 [INFO] ApiDb:250 - Set database path to: /home/wyatt/.stmcufinder/plugins/mcufinder//mcu/
2024-03-14 10:19:35,109 [INFO] DbMcusAds:125 - Set database path to: /home/wyatt/.stmcufinder/plugins/mcufinder//mcu/
2024-03-14 10:19:35,110 [INFO] CrossReferenceDbSqlite:203 - Set database path to: /home/wyatt/.stmcufinder/plugins/mcufinder//mcu/cs/
2024-03-14 10:19:35,187 [INFO] RulesReader:64 - Compatibility file has been processed (293 Rules)
2024-03-14 10:19:35,228 [INFO] DbMcusXml:78 - Set database path to: /opt/st/stm32cubeide_1.13.2/plugins/com.st.stm32cube.common.mx_6.9.2.202309101412//db//mcu/
2024-03-14 10:19:35,228 [INFO] ApiDb:274 - Set plugin database path to: /opt/st/stm32cubeide_1.13.2/plugins/com.st.stm32cube.common.mx_6.9.2.202309101412//db//plugins/boardmanager/
2024-03-14 10:19:35,228 [INFO] ApiDb:261 - Set plugin images path to: /opt/st/stm32cubeide_1.13.2/plugins/com.st.stm32cube.common.mx_6.9.2.202309101412//db//plugins/mcufinder/images/
2024-03-14 10:19:35,229 [WARN] DbFile:41 - Overriding database path with different value: /home/wyatt/.stmcufinder/plugins/mcufinder/ => /home/wyatt/.stmcufinder/plugins/mcufinder
2024-03-14 10:19:35,229 [INFO] ApiDb:250 - Set database path to: /home/wyatt/.stmcufinder/plugins/mcufinder//mcu/
2024-03-14 10:19:35,229 [WARN] DbFile:41 - Overriding database path with different value: /home/wyatt/.stmcufinder/plugins/mcufinder/ => /home/wyatt/.stmcufinder/plugins/mcufinder
2024-03-14 10:19:35,229 [INFO] DbMcusAds:125 - Set database path to: /home/wyatt/.stmcufinder/plugins/mcufinder//mcu/
2024-03-14 10:19:35,229 [WARN] DbFile:41 - Overriding database path with different value: /home/wyatt/.stmcufinder/plugins/mcufinder/ => /home/wyatt/.stmcufinder/plugins/mcufinder
2024-03-14 10:19:35,229 [WARN] DbFile:41 - Overriding database path with different value: /home/wyatt/.stmcufinder/plugins/mcufinder/ => /home/wyatt/.stmcufinder/plugins/mcufinder
2024-03-14 10:19:35,229 [INFO] CrossReferenceDbSqlite:203 - Set database path to: /home/wyatt/.stmcufinder/plugins/mcufinder//mcu/cs/
2024-03-14 10:19:35,272 [INFO] MainPanel:262 - HeapMemory: 268435456
2024-03-14 10:19:35,319 [INFO] DbMcusXml:78 - Set database path to: /opt/st/stm32cubeide_1.13.2/plugins/com.st.stm32cube.common.mx_6.9.2.202309101412//db//mcu/
2024-03-14 10:19:35,319 [INFO] ApiDb:274 - Set plugin database path to: /opt/st/stm32cubeide_1.13.2/plugins/com.st.stm32cube.common.mx_6.9.2.202309101412//db//plugins/boardmanager/
2024-03-14 10:19:35,319 [INFO] ApiDb:261 - Set plugin images path to: /opt/st/stm32cubeide_1.13.2/plugins/com.st.stm32cube.common.mx_6.9.2.202309101412//db//plugins/mcufinder/images/
2024-03-14 10:19:35,319 [WARN] DbFile:41 - Overriding database path with different value: /home/wyatt/.stmcufinder/plugins/mcufinder/ => /home/wyatt/.stmcufinder/plugins/mcufinder
2024-03-14 10:19:35,319 [INFO] ApiDb:250 - Set database path to: /home/wyatt/.stmcufinder/plugins/mcufinder//mcu/
2024-03-14 10:19:35,319 [WARN] DbFile:41 - Overriding database path with different value: /home/wyatt/.stmcufinder/plugins/mcufinder/ => /home/wyatt/.stmcufinder/plugins/mcufinder
2024-03-14 10:19:35,319 [INFO] DbMcusAds:125 - Set database path to: /home/wyatt/.stmcufinder/plugins/mcufinder//mcu/
2024-03-14 10:19:35,319 [WARN] DbFile:41 - Overriding database path with different value: /home/wyatt/.stmcufinder/plugins/mcufinder/ => /home/wyatt/.stmcufinder/plugins/mcufinder
2024-03-14 10:19:35,319 [WARN] DbFile:41 - Overriding database path with different value: /home/wyatt/.stmcufinder/plugins/mcufinder/ => /home/wyatt/.stmcufinder/plugins/mcufinder
2024-03-14 10:19:35,319 [INFO] CrossReferenceDbSqlite:203 - Set database path to: /home/wyatt/.stmcufinder/plugins/mcufinder//mcu/cs/
2024-03-14 10:19:35,328 [INFO] ApplicationProperties:184 - Using Application install path: /opt/st/stm32cubeide_1.13.2/plugins/com.st.stm32cube.common.mx_6.9.2.202309101412
2024-03-14 10:19:35,329 [INFO] PluginManage:196 - Search for loadable plugins [exclusion list=, ]
2024-03-14 10:19:35,330 [INFO] PluginManage:310 - Check plugin analytics
2024-03-14 10:19:35,419 [INFO] AnalyticsPlugin:253 - Accepted Software Licenses: 
2024-03-14 10:19:35,420 [INFO] AnalyticsPlugin:255 - Accepted CMSIS Pack Licenses: 
2024-03-14 10:19:35,420 [INFO] AnalyticsPlugin:257 - Accepted Firmware Licenses: FW.F4.1.27.0
2024-03-14 10:19:35,421 [INFO] PluginManage:359 - Loaded plugin analytics (category:tool,tabindex:-1)
2024-03-14 10:19:35,422 [INFO] PluginManage:310 - Check plugin cadmodel
2024-03-14 10:19:35,474 [INFO] CADModel:105 - Init CAD model plugin
2024-03-14 10:19:35,474 [INFO] PluginManage:359 - Loaded plugin cadmodel (category:power,tabindex:5)
2024-03-14 10:19:35,474 [INFO] PluginManage:310 - Check plugin clock
2024-03-14 10:19:35,480 [INFO] PluginManage:359 - Loaded plugin clock (category:base,tabindex:2)
2024-03-14 10:19:35,480 [INFO] PluginManage:310 - Check plugin ddr
2024-03-14 10:19:35,481 [INFO] PluginManage:359 - Loaded plugin ddr (category:tool,tabindex:6)
2024-03-14 10:19:35,481 [INFO] PluginManage:310 - Check plugin filemanager
2024-03-14 10:19:35,563 [INFO] PluginManage:359 - Loaded plugin filemanager (category:base,tabindex:10)
2024-03-14 10:19:35,563 [INFO] PluginManage:310 - Check plugin ipmanager
2024-03-14 10:19:35,566 [INFO] PluginManage:359 - Loaded plugin ipmanager (category:base,tabindex:5)
2024-03-14 10:19:35,566 [INFO] PluginManage:310 - Check plugin lpbam
2024-03-14 10:19:35,571 [INFO] PluginManage:359 - Loaded plugin lpbam (category:base,tabindex:0)
2024-03-14 10:19:35,571 [INFO] PluginManage:310 - Check plugin memorymap
2024-03-14 10:19:35,576 [INFO] PluginManage:359 - Loaded plugin memorymap (category:base,tabindex:4)
2024-03-14 10:19:35,577 [INFO] PluginManage:310 - Check plugin pinoutandconfiguration
2024-03-14 10:19:35,581 [INFO] PluginManage:359 - Loaded plugin pinoutandconfiguration (category:base,tabindex:1)
2024-03-14 10:19:35,581 [INFO] PluginManage:310 - Check plugin pinoutconfig
2024-03-14 10:19:35,630 [WARN] SupportedApi:132 - Cannot load RTOS API schema: s4s-elt-must-match.1: The content of 'definitions' must match (annotation?, (simpleType | complexType)?, (unique | key | keyref)*)). A problem was found starting at: attribute.
2024-03-14 10:19:35,708 [INFO] PluginManage:359 - Loaded plugin pinoutconfig (category:base,tabindex:0)
2024-03-14 10:19:35,708 [INFO] PluginManage:310 - Check plugin power
2024-03-14 10:19:35,713 [INFO] PluginManage:359 - Loaded plugin power (category:power,tabindex:4)
2024-03-14 10:19:35,713 [INFO] PluginManage:310 - Check plugin projectmanager
2024-03-14 10:19:35,722 [INFO] PluginManage:359 - Loaded plugin projectmanager (category:projectmanager,tabindex:3)
2024-03-14 10:19:35,722 [INFO] PluginManage:310 - Check plugin thirdparty
2024-03-14 10:19:35,789 [INFO] PluginManage:359 - Loaded plugin thirdparty (category:base,tabindex:-1)
2024-03-14 10:19:35,789 [INFO] PluginManage:310 - Check plugin tools
2024-03-14 10:19:35,789 [WARN] IntegrityCheckThread:84 - waiting for thirdparty lock release [integrity check]
2024-03-14 10:19:35,789 [INFO] IntegrityCheckThread:86 - entering critical section [integrity check]
2024-03-14 10:19:35,789 [INFO] ThirdPartyUpdaterWithRetryManager:70 - Updater plugin not ready yet. [1/15]
2024-03-14 10:19:35,790 [INFO] PluginManage:359 - Loaded plugin tools (category:base,tabindex:7)
2024-03-14 10:19:35,790 [INFO] PluginManage:310 - Check plugin tutovideos
2024-03-14 10:19:35,891 [INFO] PluginManage:359 - Loaded plugin tutovideos (category:base,tabindex:-1)
2024-03-14 10:19:35,891 [INFO] PluginManage:310 - Check plugin updater
2024-03-14 10:19:35,897 [INFO] PluginManage:359 - Loaded plugin updater (category:base,tabindex:12)
2024-03-14 10:19:35,897 [INFO] PluginManage:310 - Check plugin userauth
2024-03-14 10:19:35,900 [INFO] UserAuth:113 - Init User Auth plugin
2024-03-14 10:19:35,900 [INFO] PluginManage:359 - Loaded plugin userauth (category:base,tabindex:14)
2024-03-14 10:19:35,900 [INFO] PluginManage:283 - PluginManage : Loaded plugins [17]
2024-03-14 10:19:36,010 [INFO] PinOutPanel:1499 - setPackage(No Configuration,No Configuration)
2024-03-14 10:19:36,063 [INFO] CADModel:165 - CPN selected for project level
2024-03-14 10:19:36,063 [INFO] CADModel:114 - Register for checkConnection events
2024-03-14 10:19:36,070 [INFO] IPUIPlugin:80 - create IPUIPlugin
2024-03-14 10:19:36,070 [INFO] PluginManager:220 - loadIPPluginJar : add gic
2024-03-14 10:19:36,074 [INFO] IPUIPlugin:80 - create IPUIPlugin
2024-03-14 10:19:36,074 [INFO] PluginManager:220 - loadIPPluginJar : add usart
2024-03-14 10:19:36,077 [INFO] IPUIPlugin:80 - create IPUIPlugin
2024-03-14 10:19:36,077 [INFO] PluginManager:220 - loadIPPluginJar : add gpio
2024-03-14 10:19:36,078 [INFO] IPUIPlugin:80 - create IPUIPlugin
2024-03-14 10:19:36,079 [INFO] PluginManager:220 - loadIPPluginJar : add dfsdm
2024-03-14 10:19:36,080 [INFO] IPUIPlugin:80 - create IPUIPlugin
2024-03-14 10:19:36,080 [INFO] PluginManager:220 - loadIPPluginJar : add lorawan
2024-03-14 10:19:36,081 [INFO] IPUIPlugin:80 - create IPUIPlugin
2024-03-14 10:19:36,082 [INFO] PluginManager:220 - loadIPPluginJar : add sai
2024-03-14 10:19:36,082 [INFO] IPUIPlugin:80 - create IPUIPlugin
2024-03-14 10:19:36,082 [INFO] PluginManager:220 - loadIPPluginJar : add comp
2024-03-14 10:19:36,083 [INFO] IPUIPlugin:80 - create IPUIPlugin
2024-03-14 10:19:36,083 [INFO] PluginManager:220 - loadIPPluginJar : add tim
2024-03-14 10:19:36,089 [INFO] IPUIPlugin:80 - create IPUIPlugin
2024-03-14 10:19:36,089 [INFO] PluginManager:220 - loadIPPluginJar : add mdma
2024-03-14 10:19:36,094 [INFO] IPUIPlugin:80 - create IPUIPlugin
2024-03-14 10:19:36,095 [INFO] PluginManager:220 - loadIPPluginJar : add adc
2024-03-14 10:19:36,098 [INFO] IPUIPlugin:80 - create IPUIPlugin
2024-03-14 10:19:36,098 [INFO] PluginManager:220 - loadIPPluginJar : add freertos
2024-03-14 10:19:36,100 [INFO] IPUIPlugin:80 - create IPUIPlugin
2024-03-14 10:19:36,100 [INFO] PluginManager:220 - loadIPPluginJar : add i3c
2024-03-14 10:19:36,103 [INFO] IPUIPlugin:80 - create IPUIPlugin
2024-03-14 10:19:36,103 [INFO] PluginManager:220 - loadIPPluginJar : add stm32_wpan
2024-03-14 10:19:36,104 [INFO] IPUIPlugin:80 - create IPUIPlugin
2024-03-14 10:19:36,104 [INFO] PluginManager:220 - loadIPPluginJar : add ucpd
2024-03-14 10:19:36,104 [INFO] IPUIPlugin:80 - create IPUIPlugin
2024-03-14 10:19:36,104 [INFO] PluginManager:220 - loadIPPluginJar : add tsc
2024-03-14 10:19:36,106 [INFO] IPUIPlugin:80 - create IPUIPlugin
2024-03-14 10:19:36,106 [INFO] PluginManager:220 - loadIPPluginJar : add openamp
2024-03-14 10:19:36,110 [INFO] IPUIPlugin:80 - create IPUIPlugin
2024-03-14 10:19:36,110 [INFO] PluginManager:220 - loadIPPluginJar : add dma
2024-03-14 10:19:36,111 [INFO] IPUIPlugin:80 - create IPUIPlugin
2024-03-14 10:19:36,111 [INFO] PluginManager:220 - loadIPPluginJar : add dma3
2024-03-14 10:19:36,112 [INFO] IPUIPlugin:80 - create IPUIPlugin
2024-03-14 10:19:36,112 [INFO] PluginManager:220 - loadIPPluginJar : add fatfs
2024-03-14 10:19:36,113 [INFO] IPUIPlugin:80 - create IPUIPlugin
2024-03-14 10:19:36,113 [INFO] PluginManager:220 - loadIPPluginJar : add spi
2024-03-14 10:19:36,114 [INFO] IPUIPlugin:80 - create IPUIPlugin
2024-03-14 10:19:36,114 [INFO] PluginManager:220 - loadIPPluginJar : add i2c
2024-03-14 10:19:36,116 [INFO] IPUIPlugin:80 - create IPUIPlugin
2024-03-14 10:19:36,116 [INFO] PluginManager:220 - loadIPPluginJar : add gtzc
2024-03-14 10:19:36,117 [INFO] IPUIPlugin:80 - create IPUIPlugin
2024-03-14 10:19:36,117 [INFO] PluginManager:220 - loadIPPluginJar : add genericplugin
2024-03-14 10:19:36,118 [INFO] IPUIPlugin:80 - create IPUIPlugin
2024-03-14 10:19:36,118 [INFO] PluginManager:220 - loadIPPluginJar : add gfxmmu
2024-03-14 10:19:36,119 [INFO] IPUIPlugin:80 - create IPUIPlugin
2024-03-14 10:19:36,119 [INFO] PluginManager:220 - loadIPPluginJar : add usbx
2024-03-14 10:19:36,120 [INFO] IPUIPlugin:80 - create IPUIPlugin
2024-03-14 10:19:36,121 [INFO] PluginManager:220 - loadIPPluginJar : add aes
2024-03-14 10:19:36,122 [INFO] IPUIPlugin:80 - create IPUIPlugin
2024-03-14 10:19:36,122 [INFO] PluginManager:220 - loadIPPluginJar : add i2s
2024-03-14 10:19:36,123 [INFO] IPUIPlugin:80 - create IPUIPlugin
2024-03-14 10:19:36,123 [INFO] PluginManager:220 - loadIPPluginJar : add touchsensing
2024-03-14 10:19:36,126 [INFO] IPUIPlugin:80 - create IPUIPlugin
2024-03-14 10:19:36,126 [INFO] PluginManager:220 - loadIPPluginJar : add ipddr
2024-03-14 10:19:36,131 [INFO] IPUIPlugin:80 - create IPUIPlugin
2024-03-14 10:19:36,131 [INFO] PluginManager:220 - loadIPPluginJar : add linkedlist
2024-03-14 10:19:36,132 [INFO] IPUIPlugin:80 - create IPUIPlugin
2024-03-14 10:19:36,132 [INFO] PluginManager:220 - loadIPPluginJar : add tracer_emb
2024-03-14 10:19:36,133 [INFO] IPUIPlugin:80 - create IPUIPlugin
2024-03-14 10:19:36,133 [INFO] PluginManager:220 - loadIPPluginJar : add quadspi
2024-03-14 10:19:36,134 [INFO] IPUIPlugin:80 - create IPUIPlugin
2024-03-14 10:19:36,134 [INFO] PluginManager:220 - loadIPPluginJar : add pdm2pcm
2024-03-14 10:19:36,135 [INFO] IPUIPlugin:80 - create IPUIPlugin
2024-03-14 10:19:36,135 [INFO] PluginManager:220 - loadIPPluginJar : add can
2024-03-14 10:19:36,136 [INFO] IPUIPlugin:80 - create IPUIPlugin
2024-03-14 10:19:36,136 [INFO] PluginManager:220 - loadIPPluginJar : add ltdc
2024-03-14 10:19:36,138 [INFO] IPUIPlugin:80 - create IPUIPlugin
2024-03-14 10:19:36,138 [INFO] PluginManager:220 - loadIPPluginJar : add fmc
2024-03-14 10:19:36,139 [INFO] IPUIPlugin:80 - create IPUIPlugin
2024-03-14 10:19:36,139 [INFO] PluginManager:220 - loadIPPluginJar : add ts
2024-03-14 10:19:36,141 [INFO] IPUIPlugin:80 - create IPUIPlugin
2024-03-14 10:19:36,141 [INFO] PluginManager:220 - loadIPPluginJar : add cryp
2024-03-14 10:19:36,142 [INFO] IPUIPlugin:80 - create IPUIPlugin
2024-03-14 10:19:36,143 [INFO] PluginManager:220 - loadIPPluginJar : add opamp
2024-03-14 10:19:36,144 [INFO] IPUIPlugin:80 - create IPUIPlugin
2024-03-14 10:19:36,144 [INFO] PluginManager:220 - loadIPPluginJar : add hash
2024-03-14 10:19:36,146 [INFO] IPUIPlugin:80 - create IPUIPlugin
2024-03-14 10:19:36,146 [INFO] PluginManager:220 - loadIPPluginJar : add nvic
2024-03-14 10:19:36,149 [INFO] IPUIPlugin:80 - create IPUIPlugin
2024-03-14 10:19:36,151 [INFO] PluginManager:220 - loadIPPluginJar : add plateformsettings
2024-03-14 10:19:36,153 [INFO] IPUIPlugin:80 - create IPUIPlugin
2024-03-14 10:19:36,153 [INFO] PluginManager:220 - loadIPPluginJar : add resmgrutility
2024-03-14 10:19:36,243 [INFO] CADModel:165 - CPN selected for project level
2024-03-14 10:19:36,243 [INFO] CADModel:114 - Register for checkConnection events
2024-03-14 10:19:36,243 [FATAL] Updater:308 - Updater called before beeing initialized
2024-03-14 10:19:36,243 [ERROR] CADModel:125 - Updater not yet initialized, retry later 
2024-03-14 10:19:36,324 [INFO] CADModel:165 - CPN selected for project level
2024-03-14 10:19:36,324 [INFO] CADModel:114 - Register for checkConnection events
2024-03-14 10:19:36,324 [FATAL] Updater:308 - Updater called before beeing initialized
2024-03-14 10:19:36,324 [ERROR] CADModel:125 - Updater not yet initialized, retry later 
2024-03-14 10:19:36,327 [FATAL] Updater:308 - Updater called before beeing initialized
2024-03-14 10:19:36,389 [FATAL] Updater:308 - Updater called before beeing initialized
2024-03-14 10:19:36,394 [INFO] DbMcusAds:53 - JSON generation date=Wed Nov 29 04:52:27 CST 2023 (1701255147349)
2024-03-14 10:19:36,394 [FATAL] Updater:308 - Updater called before beeing initialized
2024-03-14 10:19:36,419 [WARN] DetailPanel:346 - Failed to get advertising image, set to default
2024-03-14 10:19:36,486 [FATAL] Updater:308 - Updater called before beeing initialized
2024-03-14 10:19:36,487 [FATAL] Updater:308 - Updater called before beeing initialized
2024-03-14 10:19:36,487 [FATAL] Updater:308 - Updater called before beeing initialized
2024-03-14 10:19:36,487 [WARN] DetailPanel:346 - Failed to get advertising image, set to default
2024-03-14 10:19:36,487 [FATAL] Updater:308 - Updater called before beeing initialized
2024-03-14 10:19:36,506 [ERROR] Updater:1120 - MainUpdater not yet initialized. External WinMGr cannot be set.
2024-03-14 10:19:36,507 [INFO] Updater:1056 - Updater Version found : 6.9.2
2024-03-14 10:19:36,518 [INFO] ApplicationProperties:184 - Using Application install path: /opt/st/stm32cubeide_1.13.2/plugins/com.st.stm32cube.common.mx_6.9.2.202309101412
2024-03-14 10:19:36,727 [INFO] MainUpdater:2868 - connection check result : 10
2024-03-14 10:19:36,727 [INFO] MainUpdater:3562 - Updater definition file requires update
2024-03-14 10:19:36,727 [INFO] MainUpdater:285 - Updater Check For Update Now.
2024-03-14 10:19:36,727 [INFO] MicroXplorer:498 - Change Database Version : DB.6.0.92
2024-03-14 10:19:36,730 [INFO] McuFinderGlobals:63 - Set McuFinder mode to 2 (CubeIDE integrated)
2024-03-14 10:19:36,730 [INFO] UserAuth:179 - activating auth plugin
2024-03-14 10:19:36,732 [INFO] UserAuth:393 - Internet connection configuration mode: 1
2024-03-14 10:19:36,737 [INFO] JxBrowserEngine:151 - Initiate JxBrowser Engine with user profile folder
2024-03-14 10:19:36,815 [INFO] ServerAccessManage:473 - Download File updaters.zip
2024-03-14 10:19:37,013 [INFO] FileExtend:240 - Unzip File : updaters.zip
2024-03-14 10:19:37,013 [INFO] FileExtend:255 - Standard Zip Deflate
2024-03-14 10:19:37,158 [INFO] ServerAccessManage:473 - Download File PacksControlFlags.xml
2024-03-14 10:19:37,203 [INFO] WebApp:157 - Instantiating new browser for Auth
2024-03-14 10:19:37,305 [INFO] ServerAccessManage:473 - Download File cubemx.pidx
2024-03-14 10:19:37,371 [INFO] LoadServerUpdatesThread:373 - End of LoadServerUpdate Thread
2024-03-14 10:19:37,507 [INFO] CheckServerUpdateThread:120 - End of CheckServer Thread
2024-03-14 10:19:37,569 [INFO] WebApp:753 - Register for checkConnection events
2024-03-14 10:19:37,569 [INFO] WebApp:390 - Apply proxy settings
2024-03-14 10:19:37,570 [INFO] WebApp:475 - Chromium requires no authentication
2024-03-14 10:19:37,573 [INFO] WebApp:418 - Direct internet connection detected
2024-03-14 10:19:37,656 [INFO] WebApp:188 - Starting web application
2024-03-14 10:19:37,656 [INFO] WebApp:520 - Web application path used /opt/st/stm32cubeide_1.13.2/plugins/com.st.stm32cube.common.mx_6.9.2.202309101412/db/plugins/mcufinder/reactClient1/index.html
2024-03-14 10:19:38,852 [WARN] PackLoader:240 - Cannot read IP mode file for STMicroelectronics.X-CUBE-SMBUS.2.1.0
2024-03-14 10:19:38,855 [WARN] PackLoader:240 - Cannot read IP mode file for STMicroelectronics.X-CUBE-TOUCHGFX.4.23.0
2024-03-14 10:19:38,873 [WARN] PackLoader:240 - Cannot read IP mode file for STMicroelectronics.X-CUBE-AZRTOS-F7.1.1.0
2024-03-14 10:19:38,879 [WARN] PackLoader:240 - Cannot read IP mode file for STMicroelectronics.FP-SNS-MOTENV1.4.3.2
2024-03-14 10:19:38,891 [WARN] PackLoader:240 - Cannot read IP mode file for STMicroelectronics.FP-SNS-FLIGHT1.5.0.2
2024-03-14 10:19:38,897 [WARN] PackLoader:240 - Cannot read IP mode file for STMicroelectronics.X-CUBE-DISPLAY.3.0.0
2024-03-14 10:19:38,913 [WARN] PackLoader:240 - Cannot read IP mode file for STMicroelectronics.X-CUBE-BLE1.7.0.0
2024-03-14 10:19:38,918 [WARN] PackLoader:240 - Cannot read IP mode file for emotas.I-CUBE-CANOPEN.1.3.0
2024-03-14 10:19:38,920 [WARN] PackLoader:240 - Cannot read IP mode file for STMicroelectronics.X-CUBE-TOUCHGFX.4.22.1
2024-03-14 10:19:38,929 [WARN] PackLoader:240 - Cannot read IP mode file for STMicroelectronics.X-CUBE-BLEMGR.3.1.0
2024-03-14 10:19:38,935 [WARN] PackLoader:240 - Cannot read IP mode file for STMicroelectronics.FP-SNS-SMARTAG2.1.2.0
2024-03-14 10:19:38,943 [INFO] LogOutputStream:77 - [STDOUT_REDIRECT] 1 : Invalid condition id : UX_CORESTACK_Condition cause : null
2024-03-14 10:19:38,943 [INFO] LogOutputStream:77 - [STDOUT_REDIRECT] 1 : Invalid condition id : UX_CORESTACK_Condition cause : null
2024-03-14 10:19:38,944 [INFO] LogOutputStream:77 - [STDOUT_REDIRECT] 1 : Invalid condition id : UX_CORESTACK_Condition cause : null
2024-03-14 10:19:38,944 [INFO] LogOutputStream:77 - [STDOUT_REDIRECT] 1 : Invalid condition id : UX_CORESTACK_Condition cause : null
2024-03-14 10:19:38,944 [INFO] LogOutputStream:77 - [STDOUT_REDIRECT] 1 : Invalid condition id : UX_CORESTACK_Condition cause : null
2024-03-14 10:19:38,947 [WARN] PackLoader:240 - Cannot read IP mode file for STMicroelectronics.X-CUBE-AZRTOS-WL.2.0.0
2024-03-14 10:19:38,954 [WARN] PackLoader:240 - Cannot read IP mode file for WES.I-CUBE-Cesium.1.3.0
2024-03-14 10:19:38,956 [WARN] PackLoader:240 - Cannot read IP mode file for STMicroelectronics.X-CUBE-BLE2.3.3.0
2024-03-14 10:19:38,960 [WARN] PackLoader:240 - Cannot read IP mode file for STMicroelectronics.X-CUBE-ALGOBUILD.1.3.0
2024-03-14 10:19:38,970 [WARN] PackLoader:240 - Cannot read IP mode file for STMicroelectronics.X-CUBE-AZRTOS-G0.1.1.0
2024-03-14 10:19:38,975 [WARN] PackLoader:240 - Cannot read IP mode file for STMicroelectronics.X-CUBE-NFC4.3.0.0
2024-03-14 10:19:38,980 [WARN] PackLoader:240 - Cannot read IP mode file for STMicroelectronics.X-CUBE-BLEMGR.3.0.0
2024-03-14 10:19:38,983 [WARN] PackLoader:240 - Cannot read IP mode file for STMicroelectronics.FP-ATR-SIGFOX1.3.2.0
2024-03-14 10:19:38,987 [WARN] PackLoader:240 - Cannot read IP mode file for STMicroelectronics.X-CUBE-EEPRMA1.5.1.0
2024-03-14 10:19:39,011 [WARN] PackLoader:240 - Cannot read IP mode file for SEGGER.I-CUBE-embOS.1.3.1
2024-03-14 10:19:39,038 [WARN] PackLoader:240 - Cannot read IP mode file for STMicroelectronics.X-CUBE-GNSS1.6.0.0
2024-03-14 10:19:39,048 [WARN] PackLoader:240 - Cannot read IP mode file for STMicroelectronics.X-CUBE-AZRTOS-F4.1.1.0
2024-03-14 10:19:39,051 [WARN] PackLoader:240 - Cannot read IP mode file for wolfSSL.I-CUBE-wolfSSL.5.6.3
2024-03-14 10:19:39,063 [WARN] PackLoader:240 - Cannot read IP mode file for STMicroelectronics.X-CUBE-AZRTOS-L5.2.0.0
2024-03-14 10:19:39,068 [WARN] PackLoader:240 - Cannot read IP mode file for STMicroelectronics.X-CUBE-EEPRMA1.4.2.0
2024-03-14 10:19:39,071 [WARN] PackLoader:240 - Cannot read IP mode file for ITTIA_DB.I-CUBE-ITTIADB.8.8.0
2024-03-14 10:19:39,075 [WARN] PackLoader:240 - Cannot read IP mode file for STMicroelectronics.X-CUBE-BLEMGR.2.0.0
2024-03-14 10:19:39,086 [WARN] ConditionMgr:438 - getConditionDescription Invalid condition id : UX DEVICE CLASS RTOS Condition cause : null
2024-03-14 10:19:39,087 [WARN] ConditionMgr:438 - getConditionDescription Invalid condition id : UX DEVICE CLASS RTOS Condition cause : null
2024-03-14 10:19:39,089 [WARN] PackLoader:240 - Cannot read IP mode file for STMicroelectronics.X-CUBE-AZRTOS-H7.3.1.0
2024-03-14 10:19:39,089 [WARN] ConditionMgr:1039 - genDependencies : Invalid condition id : UX DEVICE CLASS RTOS Condition cause : null
2024-03-14 10:19:39,090 [WARN] ConditionMgr:1039 - genDependencies : Invalid condition id : UX DEVICE CLASS RTOS Condition cause : null
2024-03-14 10:19:39,090 [WARN] ConditionMgr:1039 - genDependencies : Invalid condition id : UX DEVICE CLASS RTOS Condition cause : null
2024-03-14 10:19:39,091 [WARN] ConditionMgr:1039 - genDependencies : Invalid condition id : UX DEVICE CLASS RTOS Condition cause : null
2024-03-14 10:19:39,091 [WARN] ConditionMgr:1039 - genDependencies : Invalid condition id : UX DEVICE CLASS RTOS Condition cause : null
2024-03-14 10:19:39,096 [WARN] PackLoader:240 - Cannot read IP mode file for STMicroelectronics.X-CUBE-NFC7.1.0.1
2024-03-14 10:19:39,100 [WARN] PackLoader:240 - Cannot read IP mode file for STMicroelectronics.X-CUBE-NFC6.3.0.0
2024-03-14 10:19:39,105 [WARN] PackLoader:240 - Cannot read IP mode file for STMicroelectronics.X-CUBE-EEPRMA1.4.1.0
2024-03-14 10:19:39,107 [WARN] PackLoader:240 - Cannot read IP mode file for STMicroelectronics.X-CUBE-AI.8.1.0
2024-03-14 10:19:39,123 [WARN] ConditionMgr:438 - getConditionDescription Invalid condition id : LAN8742 Phy interface Condition cause : null
2024-03-14 10:19:39,124 [WARN] PackLoader:240 - Cannot read IP mode file for STMicroelectronics.X-CUBE-AZRTOS-L4.2.0.0
2024-03-14 10:19:39,125 [WARN] ConditionMgr:1039 - genDependencies : Invalid condition id : LAN8742 Phy interface Condition cause : null
2024-03-14 10:19:39,125 [WARN] ConditionMgr:1039 - genDependencies : Invalid condition id : LAN8742 Phy interface Condition cause : null
2024-03-14 10:19:39,126 [WARN] ConditionMgr:1039 - genDependencies : Invalid condition id : LAN8742 Phy interface Condition cause : null
2024-03-14 10:19:39,130 [WARN] PackLoader:240 - Cannot read IP mode file for STMicroelectronics.X-CUBE-SFXS2LP1.4.0.0
2024-03-14 10:19:39,133 [WARN] PackLoader:240 - Cannot read IP mode file for STMicroelectronics.X-CUBE-ISPU.1.1.0
2024-03-14 10:19:39,141 [WARN] ConditionMgr:438 - getConditionDescription Invalid condition id : UX DEVICE CLASS RTOS Condition cause : null
2024-03-14 10:19:39,141 [WARN] ConditionMgr:438 - getConditionDescription Invalid condition id : UX DEVICE CLASS RTOS Condition cause : null
2024-03-14 10:19:39,142 [WARN] PackLoader:240 - Cannot read IP mode file for STMicroelectronics.X-CUBE-AZRTOS-WB.2.0.0
2024-03-14 10:19:39,142 [WARN] ConditionMgr:1039 - genDependencies : Invalid condition id : UX DEVICE CLASS RTOS Condition cause : null
2024-03-14 10:19:39,143 [WARN] ConditionMgr:1039 - genDependencies : Invalid condition id : UX DEVICE CLASS RTOS Condition cause : null
2024-03-14 10:19:39,143 [WARN] ConditionMgr:1039 - genDependencies : Invalid condition id : UX DEVICE CLASS RTOS Condition cause : null
2024-03-14 10:19:39,143 [WARN] ConditionMgr:1039 - genDependencies : Invalid condition id : UX DEVICE CLASS RTOS Condition cause : null
2024-03-14 10:19:39,143 [WARN] ConditionMgr:1039 - genDependencies : Invalid condition id : UX DEVICE CLASS RTOS Condition cause : null
2024-03-14 10:19:39,148 [WARN] PackLoader:240 - Cannot read IP mode file for STMicroelectronics.X-CUBE-SUBG2.5.0.0
2024-03-14 10:19:39,156 [WARN] PackLoader:240 - Cannot read IP mode file for STMicroelectronics.X-CUBE-TOF1.3.3.1
2024-03-14 10:19:39,170 [WARN] PackLoader:240 - Cannot read IP mode file for STMicroelectronics.X-CUBE-AZRTOS-G4.2.0.0
2024-03-14 10:19:39,176 [WARN] PackLoader:240 - Cannot read IP mode file for Infineon.AIROC-Wi-Fi-Bluetooth-STM32.1.5.1
2024-03-14 10:19:39,181 [WARN] PackLoader:240 - Cannot read IP mode file for STMicroelectronics.FP-SNS-MOTENVWB1.1.3.1
2024-03-14 10:19:39,183 [WARN] PackLoader:240 - Cannot read IP mode file for STMicroelectronics.X-CUBE-ISPU.2.0.0
2024-03-14 10:19:39,219 [WARN] PackLoader:240 - Cannot read IP mode file for STMicroelectronics.X-CUBE-MEMS1.10.0.0
2024-03-14 10:19:39,332 [WARN] PackLoader:240 - Cannot read IP mode file for STMicroelectronics.X-CUBE-FREERTOS.1.1.0
2024-03-14 10:19:39,335 [WARN] PackLoader:240 - Cannot read IP mode file for portGmbH.I-Cube-SoM-uGOAL.1.1.0
2024-03-14 10:19:39,337 [WARN] PackLoader:240 - Cannot read IP mode file for STMicroelectronics.X-CUBE-ALS.1.0.1
2024-03-14 10:19:39,339 [WARN] PackLoader:240 - Cannot read IP mode file for STMicroelectronics.FP-ATR-ASTRA1.2.0.0
2024-03-14 10:19:39,346 [WARN] PackLoader:240 - Cannot read IP mode file for STMicroelectronics.X-CUBE-TOF1.3.4.0
2024-03-14 10:19:39,361 [WARN] PackLoader:240 - Cannot read IP mode file for STMicroelectronics.X-CUBE-TOF1.3.4.1
2024-03-14 10:19:39,383 [WARN] PackLoader:240 - Cannot read IP mode file for STMicroelectronics.X-CUBE-AZRTOS-H7.3.2.0
2024-03-14 10:19:39,386 [INFO] ThirdParty:978 - Integrity check success = true
2024-03-14 10:19:39,387 [INFO] IntegrityCheckThread:100 - exiting critical section [integrity check]
2024-03-14 10:19:39,387 [INFO] IntegrityCheckThread:103 - End integrity checks thread
2024-03-14 10:19:57,921 [ERROR] LogOutputStream:75 - [STDERR_REDIRECT] SLF4J: Failed to load class "org.slf4j.impl.StaticLoggerBinder".
2024-03-14 10:19:57,922 [ERROR] LogOutputStream:75 - [STDERR_REDIRECT] SLF4J: Defaulting to no-operation (NOP) logger implementation
2024-03-14 10:19:57,922 [ERROR] LogOutputStream:75 - [STDERR_REDIRECT] SLF4J: See http://www.slf4j.org/codes.html#StaticLoggerBinder for further details.
2024-03-14 14:12:09,662 [ERROR] LogOutputStream:75 - [STDERR_REDIRECT] 
