2024-03-15 11:19:32,432 [INFO] Activator:176 - 


2024-03-15 11:19:32,435 [INFO] Activator:177 - !SESSION log4j initialized
2024-03-15 11:19:36,267 [INFO] LogOutputStream:77 - [STDOUT_REDIRECT] 
2024-03-15 11:19:36,867 [INFO] ApplicationProperties:184 - Using Application install path: /opt/st/stm32cubeide_1.13.2/plugins/com.st.stm32cube.common.mx_6.9.2.202309101412
2024-03-15 11:19:36,881 [INFO] DbMcusXml:78 - Set database path to: /opt/st/stm32cubeide_1.13.2/plugins/com.st.stm32cube.common.mx_6.9.2.202309101412//db//mcu/
2024-03-15 11:19:36,881 [INFO] ApiDb:274 - Set plugin database path to: /opt/st/stm32cubeide_1.13.2/plugins/com.st.stm32cube.common.mx_6.9.2.202309101412//db//plugins/boardmanager/
2024-03-15 11:19:36,882 [WARN] ApiDb:259 - Overriding images path with different value:  => /opt/st/stm32cubeide_1.13.2/plugins/com.st.stm32cube.common.mx_6.9.2.202309101412//db//plugins/mcufinder/images/
2024-03-15 11:19:36,892 [INFO] ApiDb:250 - Set database path to: /home/wyatt/.stmcufinder/plugins/mcufinder//mcu/
2024-03-15 11:19:36,893 [INFO] DbMcusAds:125 - Set database path to: /home/wyatt/.stmcufinder/plugins/mcufinder//mcu/
2024-03-15 11:19:36,895 [INFO] CrossReferenceDbSqlite:203 - Set database path to: /home/wyatt/.stmcufinder/plugins/mcufinder//mcu/cs/
2024-03-15 11:19:36,977 [INFO] RulesReader:64 - Compatibility file has been processed (293 Rules)
2024-03-15 11:19:37,026 [INFO] DbMcusXml:78 - Set database path to: /opt/st/stm32cubeide_1.13.2/plugins/com.st.stm32cube.common.mx_6.9.2.202309101412//db//mcu/
2024-03-15 11:19:37,026 [INFO] ApiDb:274 - Set plugin database path to: /opt/st/stm32cubeide_1.13.2/plugins/com.st.stm32cube.common.mx_6.9.2.202309101412//db//plugins/boardmanager/
2024-03-15 11:19:37,027 [INFO] ApiDb:261 - Set plugin images path to: /opt/st/stm32cubeide_1.13.2/plugins/com.st.stm32cube.common.mx_6.9.2.202309101412//db//plugins/mcufinder/images/
2024-03-15 11:19:37,027 [WARN] DbFile:41 - Overriding database path with different value: /home/wyatt/.stmcufinder/plugins/mcufinder/ => /home/wyatt/.stmcufinder/plugins/mcufinder
2024-03-15 11:19:37,027 [INFO] ApiDb:250 - Set database path to: /home/wyatt/.stmcufinder/plugins/mcufinder//mcu/
2024-03-15 11:19:37,027 [WARN] DbFile:41 - Overriding database path with different value: /home/wyatt/.stmcufinder/plugins/mcufinder/ => /home/wyatt/.stmcufinder/plugins/mcufinder
2024-03-15 11:19:37,027 [INFO] DbMcusAds:125 - Set database path to: /home/wyatt/.stmcufinder/plugins/mcufinder//mcu/
2024-03-15 11:19:37,027 [WARN] DbFile:41 - Overriding database path with different value: /home/wyatt/.stmcufinder/plugins/mcufinder/ => /home/wyatt/.stmcufinder/plugins/mcufinder
2024-03-15 11:19:37,027 [WARN] DbFile:41 - Overriding database path with different value: /home/wyatt/.stmcufinder/plugins/mcufinder/ => /home/wyatt/.stmcufinder/plugins/mcufinder
2024-03-15 11:19:37,028 [INFO] CrossReferenceDbSqlite:203 - Set database path to: /home/wyatt/.stmcufinder/plugins/mcufinder//mcu/cs/
2024-03-15 11:19:37,085 [INFO] MainPanel:262 - HeapMemory: 268435456
2024-03-15 11:19:37,159 [INFO] DbMcusXml:78 - Set database path to: /opt/st/stm32cubeide_1.13.2/plugins/com.st.stm32cube.common.mx_6.9.2.202309101412//db//mcu/
2024-03-15 11:19:37,159 [INFO] ApiDb:274 - Set plugin database path to: /opt/st/stm32cubeide_1.13.2/plugins/com.st.stm32cube.common.mx_6.9.2.202309101412//db//plugins/boardmanager/
2024-03-15 11:19:37,160 [INFO] ApiDb:261 - Set plugin images path to: /opt/st/stm32cubeide_1.13.2/plugins/com.st.stm32cube.common.mx_6.9.2.202309101412//db//plugins/mcufinder/images/
2024-03-15 11:19:37,160 [WARN] DbFile:41 - Overriding database path with different value: /home/wyatt/.stmcufinder/plugins/mcufinder/ => /home/wyatt/.stmcufinder/plugins/mcufinder
2024-03-15 11:19:37,160 [INFO] ApiDb:250 - Set database path to: /home/wyatt/.stmcufinder/plugins/mcufinder//mcu/
2024-03-15 11:19:37,160 [WARN] DbFile:41 - Overriding database path with different value: /home/wyatt/.stmcufinder/plugins/mcufinder/ => /home/wyatt/.stmcufinder/plugins/mcufinder
2024-03-15 11:19:37,160 [INFO] DbMcusAds:125 - Set database path to: /home/wyatt/.stmcufinder/plugins/mcufinder//mcu/
2024-03-15 11:19:37,160 [WARN] DbFile:41 - Overriding database path with different value: /home/wyatt/.stmcufinder/plugins/mcufinder/ => /home/wyatt/.stmcufinder/plugins/mcufinder
2024-03-15 11:19:37,161 [WARN] DbFile:41 - Overriding database path with different value: /home/wyatt/.stmcufinder/plugins/mcufinder/ => /home/wyatt/.stmcufinder/plugins/mcufinder
2024-03-15 11:19:37,161 [INFO] CrossReferenceDbSqlite:203 - Set database path to: /home/wyatt/.stmcufinder/plugins/mcufinder//mcu/cs/
2024-03-15 11:19:37,173 [INFO] ApplicationProperties:184 - Using Application install path: /opt/st/stm32cubeide_1.13.2/plugins/com.st.stm32cube.common.mx_6.9.2.202309101412
2024-03-15 11:19:37,174 [INFO] PluginManage:196 - Search for loadable plugins [exclusion list=, ]
2024-03-15 11:19:37,175 [INFO] PluginManage:310 - Check plugin analytics
2024-03-15 11:19:37,337 [INFO] AnalyticsPlugin:253 - Accepted Software Licenses: 
2024-03-15 11:19:37,337 [INFO] AnalyticsPlugin:255 - Accepted CMSIS Pack Licenses: 
2024-03-15 11:19:37,337 [INFO] AnalyticsPlugin:257 - Accepted Firmware Licenses: FW.F4.1.27.0
2024-03-15 11:19:37,340 [INFO] PluginManage:359 - Loaded plugin analytics (category:tool,tabindex:-1)
2024-03-15 11:19:37,341 [INFO] PluginManage:310 - Check plugin cadmodel
2024-03-15 11:19:37,437 [INFO] CADModel:105 - Init CAD model plugin
2024-03-15 11:19:37,437 [INFO] PluginManage:359 - Loaded plugin cadmodel (category:power,tabindex:5)
2024-03-15 11:19:37,437 [INFO] PluginManage:310 - Check plugin clock
2024-03-15 11:19:37,446 [INFO] PluginManage:359 - Loaded plugin clock (category:base,tabindex:2)
2024-03-15 11:19:37,446 [INFO] PluginManage:310 - Check plugin ddr
2024-03-15 11:19:37,448 [INFO] PluginManage:359 - Loaded plugin ddr (category:tool,tabindex:6)
2024-03-15 11:19:37,448 [INFO] PluginManage:310 - Check plugin filemanager
2024-03-15 11:19:37,552 [INFO] PluginManage:359 - Loaded plugin filemanager (category:base,tabindex:10)
2024-03-15 11:19:37,552 [INFO] PluginManage:310 - Check plugin ipmanager
2024-03-15 11:19:37,557 [INFO] PluginManage:359 - Loaded plugin ipmanager (category:base,tabindex:5)
2024-03-15 11:19:37,557 [INFO] PluginManage:310 - Check plugin lpbam
2024-03-15 11:19:37,564 [INFO] PluginManage:359 - Loaded plugin lpbam (category:base,tabindex:0)
2024-03-15 11:19:37,565 [INFO] PluginManage:310 - Check plugin memorymap
2024-03-15 11:19:37,572 [INFO] PluginManage:359 - Loaded plugin memorymap (category:base,tabindex:4)
2024-03-15 11:19:37,572 [INFO] PluginManage:310 - Check plugin pinoutandconfiguration
2024-03-15 11:19:37,578 [INFO] PluginManage:359 - Loaded plugin pinoutandconfiguration (category:base,tabindex:1)
2024-03-15 11:19:37,578 [INFO] PluginManage:310 - Check plugin pinoutconfig
2024-03-15 11:19:37,655 [WARN] SupportedApi:132 - Cannot load RTOS API schema: s4s-elt-must-match.1: The content of 'definitions' must match (annotation?, (simpleType | complexType)?, (unique | key | keyref)*)). A problem was found starting at: attribute.
2024-03-15 11:19:37,741 [INFO] PluginManage:359 - Loaded plugin pinoutconfig (category:base,tabindex:0)
2024-03-15 11:19:37,741 [INFO] PluginManage:310 - Check plugin power
2024-03-15 11:19:37,749 [INFO] PluginManage:359 - Loaded plugin power (category:power,tabindex:4)
2024-03-15 11:19:37,749 [INFO] PluginManage:310 - Check plugin projectmanager
2024-03-15 11:19:37,761 [INFO] PluginManage:359 - Loaded plugin projectmanager (category:projectmanager,tabindex:3)
2024-03-15 11:19:37,761 [INFO] PluginManage:310 - Check plugin thirdparty
2024-03-15 11:19:37,858 [INFO] PluginManage:359 - Loaded plugin thirdparty (category:base,tabindex:-1)
2024-03-15 11:19:37,858 [WARN] IntegrityCheckThread:84 - waiting for thirdparty lock release [integrity check]
2024-03-15 11:19:37,858 [INFO] IntegrityCheckThread:86 - entering critical section [integrity check]
2024-03-15 11:19:37,858 [INFO] PluginManage:310 - Check plugin tools
2024-03-15 11:19:37,859 [INFO] ThirdPartyUpdaterWithRetryManager:70 - Updater plugin not ready yet. [1/15]
2024-03-15 11:19:37,860 [INFO] PluginManage:359 - Loaded plugin tools (category:base,tabindex:7)
2024-03-15 11:19:37,861 [INFO] PluginManage:310 - Check plugin tutovideos
2024-03-15 11:19:37,991 [INFO] PluginManage:359 - Loaded plugin tutovideos (category:base,tabindex:-1)
2024-03-15 11:19:37,992 [INFO] PluginManage:310 - Check plugin updater
2024-03-15 11:19:38,000 [INFO] PluginManage:359 - Loaded plugin updater (category:base,tabindex:12)
2024-03-15 11:19:38,000 [INFO] PluginManage:310 - Check plugin userauth
2024-03-15 11:19:38,003 [INFO] UserAuth:113 - Init User Auth plugin
2024-03-15 11:19:38,003 [INFO] PluginManage:359 - Loaded plugin userauth (category:base,tabindex:14)
2024-03-15 11:19:38,004 [INFO] PluginManage:283 - PluginManage : Loaded plugins [17]
2024-03-15 11:19:38,141 [INFO] PinOutPanel:1499 - setPackage(No Configuration,No Configuration)
2024-03-15 11:19:38,206 [INFO] CADModel:165 - CPN selected for project level
2024-03-15 11:19:38,206 [INFO] CADModel:114 - Register for checkConnection events
2024-03-15 11:19:38,215 [INFO] IPUIPlugin:80 - create IPUIPlugin
2024-03-15 11:19:38,215 [INFO] PluginManager:220 - loadIPPluginJar : add gic
2024-03-15 11:19:38,220 [INFO] IPUIPlugin:80 - create IPUIPlugin
2024-03-15 11:19:38,221 [INFO] PluginManager:220 - loadIPPluginJar : add usart
2024-03-15 11:19:38,224 [INFO] IPUIPlugin:80 - create IPUIPlugin
2024-03-15 11:19:38,225 [INFO] PluginManager:220 - loadIPPluginJar : add gpio
2024-03-15 11:19:38,227 [INFO] IPUIPlugin:80 - create IPUIPlugin
2024-03-15 11:19:38,227 [INFO] PluginManager:220 - loadIPPluginJar : add dfsdm
2024-03-15 11:19:38,229 [INFO] IPUIPlugin:80 - create IPUIPlugin
2024-03-15 11:19:38,229 [INFO] PluginManager:220 - loadIPPluginJar : add lorawan
2024-03-15 11:19:38,232 [INFO] IPUIPlugin:80 - create IPUIPlugin
2024-03-15 11:19:38,232 [INFO] PluginManager:220 - loadIPPluginJar : add sai
2024-03-15 11:19:38,233 [INFO] IPUIPlugin:80 - create IPUIPlugin
2024-03-15 11:19:38,233 [INFO] PluginManager:220 - loadIPPluginJar : add comp
2024-03-15 11:19:38,235 [INFO] IPUIPlugin:80 - create IPUIPlugin
2024-03-15 11:19:38,235 [INFO] PluginManager:220 - loadIPPluginJar : add tim
2024-03-15 11:19:38,239 [INFO] IPUIPlugin:80 - create IPUIPlugin
2024-03-15 11:19:38,239 [INFO] PluginManager:220 - loadIPPluginJar : add mdma
2024-03-15 11:19:38,246 [INFO] IPUIPlugin:80 - create IPUIPlugin
2024-03-15 11:19:38,246 [INFO] PluginManager:220 - loadIPPluginJar : add adc
2024-03-15 11:19:38,250 [INFO] IPUIPlugin:80 - create IPUIPlugin
2024-03-15 11:19:38,250 [INFO] PluginManager:220 - loadIPPluginJar : add freertos
2024-03-15 11:19:38,253 [INFO] IPUIPlugin:80 - create IPUIPlugin
2024-03-15 11:19:38,253 [INFO] PluginManager:220 - loadIPPluginJar : add i3c
2024-03-15 11:19:38,258 [INFO] IPUIPlugin:80 - create IPUIPlugin
2024-03-15 11:19:38,259 [INFO] PluginManager:220 - loadIPPluginJar : add stm32_wpan
2024-03-15 11:19:38,260 [INFO] IPUIPlugin:80 - create IPUIPlugin
2024-03-15 11:19:38,261 [INFO] PluginManager:220 - loadIPPluginJar : add ucpd
2024-03-15 11:19:38,262 [INFO] IPUIPlugin:80 - create IPUIPlugin
2024-03-15 11:19:38,263 [INFO] PluginManager:220 - loadIPPluginJar : add tsc
2024-03-15 11:19:38,265 [INFO] IPUIPlugin:80 - create IPUIPlugin
2024-03-15 11:19:38,266 [INFO] PluginManager:220 - loadIPPluginJar : add openamp
2024-03-15 11:19:38,271 [INFO] IPUIPlugin:80 - create IPUIPlugin
2024-03-15 11:19:38,271 [INFO] PluginManager:220 - loadIPPluginJar : add dma
2024-03-15 11:19:38,274 [INFO] IPUIPlugin:80 - create IPUIPlugin
2024-03-15 11:19:38,274 [INFO] PluginManager:220 - loadIPPluginJar : add dma3
2024-03-15 11:19:38,275 [INFO] IPUIPlugin:80 - create IPUIPlugin
2024-03-15 11:19:38,275 [INFO] PluginManager:220 - loadIPPluginJar : add fatfs
2024-03-15 11:19:38,277 [INFO] IPUIPlugin:80 - create IPUIPlugin
2024-03-15 11:19:38,277 [INFO] PluginManager:220 - loadIPPluginJar : add spi
2024-03-15 11:19:38,279 [INFO] IPUIPlugin:80 - create IPUIPlugin
2024-03-15 11:19:38,280 [INFO] PluginManager:220 - loadIPPluginJar : add i2c
2024-03-15 11:19:38,283 [INFO] IPUIPlugin:80 - create IPUIPlugin
2024-03-15 11:19:38,284 [INFO] PluginManager:220 - loadIPPluginJar : add gtzc
2024-03-15 11:19:38,288 [INFO] IPUIPlugin:80 - create IPUIPlugin
2024-03-15 11:19:38,288 [INFO] PluginManager:220 - loadIPPluginJar : add genericplugin
2024-03-15 11:19:38,294 [INFO] IPUIPlugin:80 - create IPUIPlugin
2024-03-15 11:19:38,294 [INFO] PluginManager:220 - loadIPPluginJar : add gfxmmu
2024-03-15 11:19:38,296 [INFO] IPUIPlugin:80 - create IPUIPlugin
2024-03-15 11:19:38,297 [INFO] PluginManager:220 - loadIPPluginJar : add usbx
2024-03-15 11:19:38,299 [INFO] IPUIPlugin:80 - create IPUIPlugin
2024-03-15 11:19:38,299 [INFO] PluginManager:220 - loadIPPluginJar : add aes
2024-03-15 11:19:38,301 [INFO] IPUIPlugin:80 - create IPUIPlugin
2024-03-15 11:19:38,301 [INFO] PluginManager:220 - loadIPPluginJar : add i2s
2024-03-15 11:19:38,304 [INFO] IPUIPlugin:80 - create IPUIPlugin
2024-03-15 11:19:38,304 [INFO] PluginManager:220 - loadIPPluginJar : add touchsensing
2024-03-15 11:19:38,307 [INFO] IPUIPlugin:80 - create IPUIPlugin
2024-03-15 11:19:38,307 [INFO] PluginManager:220 - loadIPPluginJar : add ipddr
2024-03-15 11:19:38,313 [INFO] IPUIPlugin:80 - create IPUIPlugin
2024-03-15 11:19:38,313 [INFO] PluginManager:220 - loadIPPluginJar : add linkedlist
2024-03-15 11:19:38,315 [INFO] IPUIPlugin:80 - create IPUIPlugin
2024-03-15 11:19:38,315 [INFO] PluginManager:220 - loadIPPluginJar : add tracer_emb
2024-03-15 11:19:38,316 [INFO] IPUIPlugin:80 - create IPUIPlugin
2024-03-15 11:19:38,317 [INFO] PluginManager:220 - loadIPPluginJar : add quadspi
2024-03-15 11:19:38,319 [INFO] IPUIPlugin:80 - create IPUIPlugin
2024-03-15 11:19:38,319 [INFO] PluginManager:220 - loadIPPluginJar : add pdm2pcm
2024-03-15 11:19:38,321 [INFO] IPUIPlugin:80 - create IPUIPlugin
2024-03-15 11:19:38,321 [INFO] PluginManager:220 - loadIPPluginJar : add can
2024-03-15 11:19:38,322 [INFO] IPUIPlugin:80 - create IPUIPlugin
2024-03-15 11:19:38,323 [INFO] PluginManager:220 - loadIPPluginJar : add ltdc
2024-03-15 11:19:38,326 [INFO] IPUIPlugin:80 - create IPUIPlugin
2024-03-15 11:19:38,327 [INFO] PluginManager:220 - loadIPPluginJar : add fmc
2024-03-15 11:19:38,328 [INFO] IPUIPlugin:80 - create IPUIPlugin
2024-03-15 11:19:38,328 [INFO] PluginManager:220 - loadIPPluginJar : add ts
2024-03-15 11:19:38,330 [INFO] IPUIPlugin:80 - create IPUIPlugin
2024-03-15 11:19:38,330 [INFO] PluginManager:220 - loadIPPluginJar : add cryp
2024-03-15 11:19:38,332 [INFO] IPUIPlugin:80 - create IPUIPlugin
2024-03-15 11:19:38,332 [INFO] PluginManager:220 - loadIPPluginJar : add opamp
2024-03-15 11:19:38,334 [INFO] IPUIPlugin:80 - create IPUIPlugin
2024-03-15 11:19:38,334 [INFO] PluginManager:220 - loadIPPluginJar : add hash
2024-03-15 11:19:38,337 [INFO] IPUIPlugin:80 - create IPUIPlugin
2024-03-15 11:19:38,337 [INFO] PluginManager:220 - loadIPPluginJar : add nvic
2024-03-15 11:19:38,342 [INFO] IPUIPlugin:80 - create IPUIPlugin
2024-03-15 11:19:38,344 [INFO] PluginManager:220 - loadIPPluginJar : add plateformsettings
2024-03-15 11:19:38,348 [INFO] IPUIPlugin:80 - create IPUIPlugin
2024-03-15 11:19:38,348 [INFO] PluginManager:220 - loadIPPluginJar : add resmgrutility
2024-03-15 11:19:38,444 [INFO] CADModel:165 - CPN selected for project level
2024-03-15 11:19:38,444 [INFO] CADModel:114 - Register for checkConnection events
2024-03-15 11:19:38,445 [FATAL] Updater:308 - Updater called before beeing initialized
2024-03-15 11:19:38,445 [ERROR] CADModel:125 - Updater not yet initialized, retry later 
2024-03-15 11:19:38,565 [INFO] CADModel:165 - CPN selected for project level
2024-03-15 11:19:38,565 [INFO] CADModel:114 - Register for checkConnection events
2024-03-15 11:19:38,565 [FATAL] Updater:308 - Updater called before beeing initialized
2024-03-15 11:19:38,565 [ERROR] CADModel:125 - Updater not yet initialized, retry later 
2024-03-15 11:19:38,567 [FATAL] Updater:308 - Updater called before beeing initialized
2024-03-15 11:19:38,641 [FATAL] Updater:308 - Updater called before beeing initialized
2024-03-15 11:19:38,646 [INFO] DbMcusAds:53 - JSON generation date=Wed Nov 29 04:52:27 CST 2023 (1701255147349)
2024-03-15 11:19:38,646 [FATAL] Updater:308 - Updater called before beeing initialized
2024-03-15 11:19:38,675 [WARN] DetailPanel:346 - Failed to get advertising image, set to default
2024-03-15 11:19:38,756 [FATAL] Updater:308 - Updater called before beeing initialized
2024-03-15 11:19:38,758 [FATAL] Updater:308 - Updater called before beeing initialized
2024-03-15 11:19:38,758 [FATAL] Updater:308 - Updater called before beeing initialized
2024-03-15 11:19:38,758 [WARN] DetailPanel:346 - Failed to get advertising image, set to default
2024-03-15 11:19:38,759 [FATAL] Updater:308 - Updater called before beeing initialized
2024-03-15 11:19:38,797 [ERROR] Updater:1120 - MainUpdater not yet initialized. External WinMGr cannot be set.
2024-03-15 11:19:38,799 [INFO] Updater:1056 - Updater Version found : 6.9.2
2024-03-15 11:19:38,818 [INFO] ApplicationProperties:184 - Using Application install path: /opt/st/stm32cubeide_1.13.2/plugins/com.st.stm32cube.common.mx_6.9.2.202309101412
2024-03-15 11:19:38,944 [INFO] MainUpdater:2868 - connection check result : 10
2024-03-15 11:19:38,945 [INFO] MainUpdater:285 - Updater Check For Update Now.
2024-03-15 11:19:38,945 [INFO] MicroXplorer:498 - Change Database Version : DB.6.0.92
2024-03-15 11:19:38,949 [INFO] McuFinderGlobals:63 - Set McuFinder mode to 2 (CubeIDE integrated)
2024-03-15 11:19:38,949 [INFO] UserAuth:179 - activating auth plugin
2024-03-15 11:19:38,951 [INFO] UserAuth:393 - Internet connection configuration mode: 1
2024-03-15 11:19:38,963 [INFO] JxBrowserEngine:151 - Initiate JxBrowser Engine with user profile folder
2024-03-15 11:19:39,099 [INFO] CheckServerUpdateThread:120 - End of CheckServer Thread
2024-03-15 11:19:39,723 [INFO] WebApp:157 - Instantiating new browser for Auth
2024-03-15 11:19:40,309 [INFO] WebApp:753 - Register for checkConnection events
2024-03-15 11:19:40,309 [INFO] WebApp:390 - Apply proxy settings
2024-03-15 11:19:40,309 [INFO] WebApp:475 - Chromium requires no authentication
2024-03-15 11:19:40,316 [INFO] WebApp:418 - Direct internet connection detected
2024-03-15 11:19:40,444 [INFO] WebApp:188 - Starting web application
2024-03-15 11:19:40,444 [INFO] WebApp:520 - Web application path used /opt/st/stm32cubeide_1.13.2/plugins/com.st.stm32cube.common.mx_6.9.2.202309101412/db/plugins/mcufinder/reactClient1/index.html
2024-03-15 11:19:40,993 [WARN] PackLoader:240 - Cannot read IP mode file for STMicroelectronics.X-CUBE-SMBUS.2.1.0
2024-03-15 11:19:40,999 [WARN] PackLoader:240 - Cannot read IP mode file for STMicroelectronics.X-CUBE-TOUCHGFX.4.23.0
2024-03-15 11:19:41,030 [WARN] PackLoader:240 - Cannot read IP mode file for STMicroelectronics.X-CUBE-AZRTOS-F7.1.1.0
2024-03-15 11:19:41,041 [WARN] PackLoader:240 - Cannot read IP mode file for STMicroelectronics.FP-SNS-MOTENV1.4.3.2
2024-03-15 11:19:41,047 [WARN] PackLoader:240 - Cannot read IP mode file for STMicroelectronics.FP-SNS-FLIGHT1.5.0.2
2024-03-15 11:19:41,056 [WARN] PackLoader:240 - Cannot read IP mode file for STMicroelectronics.X-CUBE-DISPLAY.3.0.0
2024-03-15 11:19:41,069 [WARN] PackLoader:240 - Cannot read IP mode file for STMicroelectronics.X-CUBE-BLE1.7.0.0
2024-03-15 11:19:41,074 [WARN] PackLoader:240 - Cannot read IP mode file for emotas.I-CUBE-CANOPEN.1.3.0
2024-03-15 11:19:41,077 [WARN] PackLoader:240 - Cannot read IP mode file for STMicroelectronics.X-CUBE-TOUCHGFX.4.22.1
2024-03-15 11:19:41,088 [WARN] PackLoader:240 - Cannot read IP mode file for STMicroelectronics.X-CUBE-BLEMGR.3.1.0
2024-03-15 11:19:41,096 [WARN] PackLoader:240 - Cannot read IP mode file for STMicroelectronics.FP-SNS-SMARTAG2.1.2.0
2024-03-15 11:19:41,108 [INFO] LogOutputStream:77 - [STDOUT_REDIRECT] 1 : Invalid condition id : UX_CORESTACK_Condition cause : null
2024-03-15 11:19:41,108 [INFO] LogOutputStream:77 - [STDOUT_REDIRECT] 1 : Invalid condition id : UX_CORESTACK_Condition cause : null
2024-03-15 11:19:41,109 [INFO] LogOutputStream:77 - [STDOUT_REDIRECT] 1 : Invalid condition id : UX_CORESTACK_Condition cause : null
2024-03-15 11:19:41,109 [INFO] LogOutputStream:77 - [STDOUT_REDIRECT] 1 : Invalid condition id : UX_CORESTACK_Condition cause : null
2024-03-15 11:19:41,109 [INFO] LogOutputStream:77 - [STDOUT_REDIRECT] 1 : Invalid condition id : UX_CORESTACK_Condition cause : null
2024-03-15 11:19:41,114 [WARN] PackLoader:240 - Cannot read IP mode file for STMicroelectronics.X-CUBE-AZRTOS-WL.2.0.0
2024-03-15 11:19:41,122 [WARN] PackLoader:240 - Cannot read IP mode file for WES.I-CUBE-Cesium.1.3.0
2024-03-15 11:19:41,127 [WARN] PackLoader:240 - Cannot read IP mode file for STMicroelectronics.X-CUBE-BLE2.3.3.0
2024-03-15 11:19:41,133 [WARN] PackLoader:240 - Cannot read IP mode file for STMicroelectronics.X-CUBE-ALGOBUILD.1.3.0
2024-03-15 11:19:41,152 [WARN] PackLoader:240 - Cannot read IP mode file for STMicroelectronics.X-CUBE-AZRTOS-G0.1.1.0
2024-03-15 11:19:41,160 [WARN] PackLoader:240 - Cannot read IP mode file for STMicroelectronics.X-CUBE-NFC4.3.0.0
2024-03-15 11:19:41,171 [WARN] PackLoader:240 - Cannot read IP mode file for STMicroelectronics.X-CUBE-BLEMGR.3.0.0
2024-03-15 11:19:41,177 [WARN] PackLoader:240 - Cannot read IP mode file for STMicroelectronics.FP-ATR-SIGFOX1.3.2.0
2024-03-15 11:19:41,182 [WARN] PackLoader:240 - Cannot read IP mode file for STMicroelectronics.X-CUBE-EEPRMA1.5.1.0
2024-03-15 11:19:41,220 [WARN] PackLoader:240 - Cannot read IP mode file for SEGGER.I-CUBE-embOS.1.3.1
2024-03-15 11:19:41,269 [WARN] PackLoader:240 - Cannot read IP mode file for STMicroelectronics.X-CUBE-GNSS1.6.0.0
2024-03-15 11:19:41,288 [WARN] PackLoader:240 - Cannot read IP mode file for STMicroelectronics.X-CUBE-AZRTOS-F4.1.1.0
2024-03-15 11:19:41,294 [WARN] PackLoader:240 - Cannot read IP mode file for wolfSSL.I-CUBE-wolfSSL.5.6.3
2024-03-15 11:19:41,311 [WARN] PackLoader:240 - Cannot read IP mode file for STMicroelectronics.X-CUBE-AZRTOS-L5.2.0.0
2024-03-15 11:19:41,318 [WARN] PackLoader:240 - Cannot read IP mode file for STMicroelectronics.X-CUBE-EEPRMA1.4.2.0
2024-03-15 11:19:41,323 [WARN] PackLoader:240 - Cannot read IP mode file for ITTIA_DB.I-CUBE-ITTIADB.8.8.0
2024-03-15 11:19:41,330 [WARN] PackLoader:240 - Cannot read IP mode file for STMicroelectronics.X-CUBE-BLEMGR.2.0.0
2024-03-15 11:19:41,352 [WARN] ConditionMgr:438 - getConditionDescription Invalid condition id : UX DEVICE CLASS RTOS Condition cause : null
2024-03-15 11:19:41,353 [WARN] ConditionMgr:438 - getConditionDescription Invalid condition id : UX DEVICE CLASS RTOS Condition cause : null
2024-03-15 11:19:41,356 [WARN] PackLoader:240 - Cannot read IP mode file for STMicroelectronics.X-CUBE-AZRTOS-H7.3.1.0
2024-03-15 11:19:41,357 [WARN] ConditionMgr:1039 - genDependencies : Invalid condition id : UX DEVICE CLASS RTOS Condition cause : null
2024-03-15 11:19:41,358 [WARN] ConditionMgr:1039 - genDependencies : Invalid condition id : UX DEVICE CLASS RTOS Condition cause : null
2024-03-15 11:19:41,358 [WARN] ConditionMgr:1039 - genDependencies : Invalid condition id : UX DEVICE CLASS RTOS Condition cause : null
2024-03-15 11:19:41,359 [WARN] ConditionMgr:1039 - genDependencies : Invalid condition id : UX DEVICE CLASS RTOS Condition cause : null
2024-03-15 11:19:41,359 [WARN] ConditionMgr:1039 - genDependencies : Invalid condition id : UX DEVICE CLASS RTOS Condition cause : null
2024-03-15 11:19:41,364 [WARN] PackLoader:240 - Cannot read IP mode file for STMicroelectronics.X-CUBE-NFC7.1.0.1
2024-03-15 11:19:41,369 [WARN] PackLoader:240 - Cannot read IP mode file for STMicroelectronics.X-CUBE-NFC6.3.0.0
2024-03-15 11:19:41,373 [WARN] PackLoader:240 - Cannot read IP mode file for STMicroelectronics.X-CUBE-EEPRMA1.4.1.0
2024-03-15 11:19:41,376 [WARN] PackLoader:240 - Cannot read IP mode file for STMicroelectronics.X-CUBE-AI.8.1.0
2024-03-15 11:19:41,394 [WARN] ConditionMgr:438 - getConditionDescription Invalid condition id : LAN8742 Phy interface Condition cause : null
2024-03-15 11:19:41,395 [WARN] PackLoader:240 - Cannot read IP mode file for STMicroelectronics.X-CUBE-AZRTOS-L4.2.0.0
2024-03-15 11:19:41,396 [WARN] ConditionMgr:1039 - genDependencies : Invalid condition id : LAN8742 Phy interface Condition cause : null
2024-03-15 11:19:41,396 [WARN] ConditionMgr:1039 - genDependencies : Invalid condition id : LAN8742 Phy interface Condition cause : null
2024-03-15 11:19:41,397 [WARN] ConditionMgr:1039 - genDependencies : Invalid condition id : LAN8742 Phy interface Condition cause : null
2024-03-15 11:19:41,404 [WARN] PackLoader:240 - Cannot read IP mode file for STMicroelectronics.X-CUBE-SFXS2LP1.4.0.0
2024-03-15 11:19:41,409 [WARN] PackLoader:240 - Cannot read IP mode file for STMicroelectronics.X-CUBE-ISPU.1.1.0
2024-03-15 11:19:41,421 [WARN] ConditionMgr:438 - getConditionDescription Invalid condition id : UX DEVICE CLASS RTOS Condition cause : null
2024-03-15 11:19:41,422 [WARN] ConditionMgr:438 - getConditionDescription Invalid condition id : UX DEVICE CLASS RTOS Condition cause : null
2024-03-15 11:19:41,424 [WARN] PackLoader:240 - Cannot read IP mode file for STMicroelectronics.X-CUBE-AZRTOS-WB.2.0.0
2024-03-15 11:19:41,425 [WARN] ConditionMgr:1039 - genDependencies : Invalid condition id : UX DEVICE CLASS RTOS Condition cause : null
2024-03-15 11:19:41,425 [WARN] ConditionMgr:1039 - genDependencies : Invalid condition id : UX DEVICE CLASS RTOS Condition cause : null
2024-03-15 11:19:41,425 [WARN] ConditionMgr:1039 - genDependencies : Invalid condition id : UX DEVICE CLASS RTOS Condition cause : null
2024-03-15 11:19:41,426 [WARN] ConditionMgr:1039 - genDependencies : Invalid condition id : UX DEVICE CLASS RTOS Condition cause : null
2024-03-15 11:19:41,426 [WARN] ConditionMgr:1039 - genDependencies : Invalid condition id : UX DEVICE CLASS RTOS Condition cause : null
2024-03-15 11:19:41,437 [WARN] PackLoader:240 - Cannot read IP mode file for STMicroelectronics.X-CUBE-SUBG2.5.0.0
2024-03-15 11:19:41,450 [WARN] PackLoader:240 - Cannot read IP mode file for STMicroelectronics.X-CUBE-TOF1.3.3.1
2024-03-15 11:19:41,473 [WARN] PackLoader:240 - Cannot read IP mode file for STMicroelectronics.X-CUBE-AZRTOS-G4.2.0.0
2024-03-15 11:19:41,486 [WARN] PackLoader:240 - Cannot read IP mode file for Infineon.AIROC-Wi-Fi-Bluetooth-STM32.1.5.1
2024-03-15 11:19:41,497 [WARN] PackLoader:240 - Cannot read IP mode file for STMicroelectronics.FP-SNS-MOTENVWB1.1.3.1
2024-03-15 11:19:41,501 [WARN] PackLoader:240 - Cannot read IP mode file for STMicroelectronics.X-CUBE-ISPU.2.0.0
2024-03-15 11:19:41,534 [WARN] PackLoader:240 - Cannot read IP mode file for STMicroelectronics.X-CUBE-MEMS1.10.0.0
2024-03-15 11:19:41,693 [WARN] PackLoader:240 - Cannot read IP mode file for STMicroelectronics.X-CUBE-FREERTOS.1.1.0
2024-03-15 11:19:41,698 [WARN] PackLoader:240 - Cannot read IP mode file for portGmbH.I-Cube-SoM-uGOAL.1.1.0
2024-03-15 11:19:41,701 [WARN] PackLoader:240 - Cannot read IP mode file for STMicroelectronics.X-CUBE-ALS.1.0.1
2024-03-15 11:19:41,705 [WARN] PackLoader:240 - Cannot read IP mode file for STMicroelectronics.FP-ATR-ASTRA1.2.0.0
2024-03-15 11:19:41,716 [WARN] PackLoader:240 - Cannot read IP mode file for STMicroelectronics.X-CUBE-TOF1.3.4.0
2024-03-15 11:19:41,740 [WARN] PackLoader:240 - Cannot read IP mode file for STMicroelectronics.X-CUBE-TOF1.3.4.1
2024-03-15 11:19:41,774 [WARN] PackLoader:240 - Cannot read IP mode file for STMicroelectronics.X-CUBE-AZRTOS-H7.3.2.0
2024-03-15 11:19:41,778 [INFO] ThirdParty:978 - Integrity check success = true
2024-03-15 11:19:41,778 [INFO] IntegrityCheckThread:100 - exiting critical section [integrity check]
2024-03-15 11:19:41,778 [INFO] IntegrityCheckThread:103 - End integrity checks thread
2024-03-15 11:20:00,748 [ERROR] LogOutputStream:75 - [STDERR_REDIRECT] SLF4J: Failed to load class "org.slf4j.impl.StaticLoggerBinder".
2024-03-15 11:20:00,748 [ERROR] LogOutputStream:75 - [STDERR_REDIRECT] SLF4J: Defaulting to no-operation (NOP) logger implementation
2024-03-15 11:20:00,749 [ERROR] LogOutputStream:75 - [STDERR_REDIRECT] SLF4J: See http://www.slf4j.org/codes.html#StaticLoggerBinder for further details.
2024-03-15 11:45:55,784 [INFO] Activator:176 - 


2024-03-15 11:45:55,786 [INFO] Activator:177 - !SESSION log4j initialized
2024-03-15 11:45:59,793 [INFO] LogOutputStream:77 - [STDOUT_REDIRECT] 
2024-03-15 11:46:00,410 [INFO] ApplicationProperties:184 - Using Application install path: /opt/st/stm32cubeide_1.13.2/plugins/com.st.stm32cube.common.mx_6.9.2.202309101412
2024-03-15 11:46:00,426 [INFO] DbMcusXml:78 - Set database path to: /opt/st/stm32cubeide_1.13.2/plugins/com.st.stm32cube.common.mx_6.9.2.202309101412//db//mcu/
2024-03-15 11:46:00,426 [INFO] ApiDb:274 - Set plugin database path to: /opt/st/stm32cubeide_1.13.2/plugins/com.st.stm32cube.common.mx_6.9.2.202309101412//db//plugins/boardmanager/
2024-03-15 11:46:00,426 [WARN] ApiDb:259 - Overriding images path with different value:  => /opt/st/stm32cubeide_1.13.2/plugins/com.st.stm32cube.common.mx_6.9.2.202309101412//db//plugins/mcufinder/images/
2024-03-15 11:46:00,435 [INFO] ApiDb:250 - Set database path to: /home/wyatt/.stmcufinder/plugins/mcufinder//mcu/
2024-03-15 11:46:00,436 [INFO] DbMcusAds:125 - Set database path to: /home/wyatt/.stmcufinder/plugins/mcufinder//mcu/
2024-03-15 11:46:00,438 [INFO] CrossReferenceDbSqlite:203 - Set database path to: /home/wyatt/.stmcufinder/plugins/mcufinder//mcu/cs/
2024-03-15 11:46:00,535 [INFO] RulesReader:64 - Compatibility file has been processed (293 Rules)
2024-03-15 11:46:00,589 [INFO] DbMcusXml:78 - Set database path to: /opt/st/stm32cubeide_1.13.2/plugins/com.st.stm32cube.common.mx_6.9.2.202309101412//db//mcu/
2024-03-15 11:46:00,589 [INFO] ApiDb:274 - Set plugin database path to: /opt/st/stm32cubeide_1.13.2/plugins/com.st.stm32cube.common.mx_6.9.2.202309101412//db//plugins/boardmanager/
2024-03-15 11:46:00,589 [INFO] ApiDb:261 - Set plugin images path to: /opt/st/stm32cubeide_1.13.2/plugins/com.st.stm32cube.common.mx_6.9.2.202309101412//db//plugins/mcufinder/images/
2024-03-15 11:46:00,589 [WARN] DbFile:41 - Overriding database path with different value: /home/wyatt/.stmcufinder/plugins/mcufinder/ => /home/wyatt/.stmcufinder/plugins/mcufinder
2024-03-15 11:46:00,589 [INFO] ApiDb:250 - Set database path to: /home/wyatt/.stmcufinder/plugins/mcufinder//mcu/
2024-03-15 11:46:00,590 [WARN] DbFile:41 - Overriding database path with different value: /home/wyatt/.stmcufinder/plugins/mcufinder/ => /home/wyatt/.stmcufinder/plugins/mcufinder
2024-03-15 11:46:00,590 [INFO] DbMcusAds:125 - Set database path to: /home/wyatt/.stmcufinder/plugins/mcufinder//mcu/
2024-03-15 11:46:00,590 [WARN] DbFile:41 - Overriding database path with different value: /home/wyatt/.stmcufinder/plugins/mcufinder/ => /home/wyatt/.stmcufinder/plugins/mcufinder
2024-03-15 11:46:00,590 [WARN] DbFile:41 - Overriding database path with different value: /home/wyatt/.stmcufinder/plugins/mcufinder/ => /home/wyatt/.stmcufinder/plugins/mcufinder
2024-03-15 11:46:00,590 [INFO] CrossReferenceDbSqlite:203 - Set database path to: /home/wyatt/.stmcufinder/plugins/mcufinder//mcu/cs/
2024-03-15 11:46:00,642 [INFO] MainPanel:262 - HeapMemory: 268435456
2024-03-15 11:46:00,714 [INFO] DbMcusXml:78 - Set database path to: /opt/st/stm32cubeide_1.13.2/plugins/com.st.stm32cube.common.mx_6.9.2.202309101412//db//mcu/
2024-03-15 11:46:00,714 [INFO] ApiDb:274 - Set plugin database path to: /opt/st/stm32cubeide_1.13.2/plugins/com.st.stm32cube.common.mx_6.9.2.202309101412//db//plugins/boardmanager/
2024-03-15 11:46:00,714 [INFO] ApiDb:261 - Set plugin images path to: /opt/st/stm32cubeide_1.13.2/plugins/com.st.stm32cube.common.mx_6.9.2.202309101412//db//plugins/mcufinder/images/
2024-03-15 11:46:00,715 [WARN] DbFile:41 - Overriding database path with different value: /home/wyatt/.stmcufinder/plugins/mcufinder/ => /home/wyatt/.stmcufinder/plugins/mcufinder
2024-03-15 11:46:00,715 [INFO] ApiDb:250 - Set database path to: /home/wyatt/.stmcufinder/plugins/mcufinder//mcu/
2024-03-15 11:46:00,715 [WARN] DbFile:41 - Overriding database path with different value: /home/wyatt/.stmcufinder/plugins/mcufinder/ => /home/wyatt/.stmcufinder/plugins/mcufinder
2024-03-15 11:46:00,715 [INFO] DbMcusAds:125 - Set database path to: /home/wyatt/.stmcufinder/plugins/mcufinder//mcu/
2024-03-15 11:46:00,715 [WARN] DbFile:41 - Overriding database path with different value: /home/wyatt/.stmcufinder/plugins/mcufinder/ => /home/wyatt/.stmcufinder/plugins/mcufinder
2024-03-15 11:46:00,715 [WARN] DbFile:41 - Overriding database path with different value: /home/wyatt/.stmcufinder/plugins/mcufinder/ => /home/wyatt/.stmcufinder/plugins/mcufinder
2024-03-15 11:46:00,715 [INFO] CrossReferenceDbSqlite:203 - Set database path to: /home/wyatt/.stmcufinder/plugins/mcufinder//mcu/cs/
2024-03-15 11:46:00,727 [INFO] ApplicationProperties:184 - Using Application install path: /opt/st/stm32cubeide_1.13.2/plugins/com.st.stm32cube.common.mx_6.9.2.202309101412
2024-03-15 11:46:00,728 [INFO] PluginManage:196 - Search for loadable plugins [exclusion list=, ]
2024-03-15 11:46:00,729 [INFO] PluginManage:310 - Check plugin analytics
2024-03-15 11:46:00,836 [INFO] AnalyticsPlugin:253 - Accepted Software Licenses: 
2024-03-15 11:46:00,836 [INFO] AnalyticsPlugin:255 - Accepted CMSIS Pack Licenses: 
2024-03-15 11:46:00,837 [INFO] AnalyticsPlugin:257 - Accepted Firmware Licenses: FW.F4.1.27.0
2024-03-15 11:46:00,838 [INFO] PluginManage:359 - Loaded plugin analytics (category:tool,tabindex:-1)
2024-03-15 11:46:00,839 [INFO] PluginManage:310 - Check plugin cadmodel
2024-03-15 11:46:00,907 [INFO] CADModel:105 - Init CAD model plugin
2024-03-15 11:46:00,907 [INFO] PluginManage:359 - Loaded plugin cadmodel (category:power,tabindex:5)
2024-03-15 11:46:00,907 [INFO] PluginManage:310 - Check plugin clock
2024-03-15 11:46:00,915 [INFO] PluginManage:359 - Loaded plugin clock (category:base,tabindex:2)
2024-03-15 11:46:00,915 [INFO] PluginManage:310 - Check plugin ddr
2024-03-15 11:46:00,917 [INFO] PluginManage:359 - Loaded plugin ddr (category:tool,tabindex:6)
2024-03-15 11:46:00,917 [INFO] PluginManage:310 - Check plugin filemanager
2024-03-15 11:46:01,015 [INFO] PluginManage:359 - Loaded plugin filemanager (category:base,tabindex:10)
2024-03-15 11:46:01,016 [INFO] PluginManage:310 - Check plugin ipmanager
2024-03-15 11:46:01,020 [INFO] PluginManage:359 - Loaded plugin ipmanager (category:base,tabindex:5)
2024-03-15 11:46:01,020 [INFO] PluginManage:310 - Check plugin lpbam
2024-03-15 11:46:01,029 [INFO] PluginManage:359 - Loaded plugin lpbam (category:base,tabindex:0)
2024-03-15 11:46:01,029 [INFO] PluginManage:310 - Check plugin memorymap
2024-03-15 11:46:01,040 [INFO] PluginManage:359 - Loaded plugin memorymap (category:base,tabindex:4)
2024-03-15 11:46:01,040 [INFO] PluginManage:310 - Check plugin pinoutandconfiguration
2024-03-15 11:46:01,049 [INFO] PluginManage:359 - Loaded plugin pinoutandconfiguration (category:base,tabindex:1)
2024-03-15 11:46:01,049 [INFO] PluginManage:310 - Check plugin pinoutconfig
2024-03-15 11:46:01,131 [WARN] SupportedApi:132 - Cannot load RTOS API schema: s4s-elt-must-match.1: The content of 'definitions' must match (annotation?, (simpleType | complexType)?, (unique | key | keyref)*)). A problem was found starting at: attribute.
2024-03-15 11:46:01,235 [INFO] PluginManage:359 - Loaded plugin pinoutconfig (category:base,tabindex:0)
2024-03-15 11:46:01,235 [INFO] PluginManage:310 - Check plugin power
2024-03-15 11:46:01,244 [INFO] PluginManage:359 - Loaded plugin power (category:power,tabindex:4)
2024-03-15 11:46:01,244 [INFO] PluginManage:310 - Check plugin projectmanager
2024-03-15 11:46:01,253 [INFO] PluginManage:359 - Loaded plugin projectmanager (category:projectmanager,tabindex:3)
2024-03-15 11:46:01,254 [INFO] PluginManage:310 - Check plugin thirdparty
2024-03-15 11:46:01,340 [INFO] PluginManage:359 - Loaded plugin thirdparty (category:base,tabindex:-1)
2024-03-15 11:46:01,340 [WARN] IntegrityCheckThread:84 - waiting for thirdparty lock release [integrity check]
2024-03-15 11:46:01,340 [INFO] PluginManage:310 - Check plugin tools
2024-03-15 11:46:01,340 [INFO] IntegrityCheckThread:86 - entering critical section [integrity check]
2024-03-15 11:46:01,340 [INFO] ThirdPartyUpdaterWithRetryManager:70 - Updater plugin not ready yet. [1/15]
2024-03-15 11:46:01,342 [INFO] PluginManage:359 - Loaded plugin tools (category:base,tabindex:7)
2024-03-15 11:46:01,342 [INFO] PluginManage:310 - Check plugin tutovideos
2024-03-15 11:46:01,488 [INFO] PluginManage:359 - Loaded plugin tutovideos (category:base,tabindex:-1)
2024-03-15 11:46:01,488 [INFO] PluginManage:310 - Check plugin updater
2024-03-15 11:46:01,497 [INFO] PluginManage:359 - Loaded plugin updater (category:base,tabindex:12)
2024-03-15 11:46:01,497 [INFO] PluginManage:310 - Check plugin userauth
2024-03-15 11:46:01,500 [INFO] UserAuth:113 - Init User Auth plugin
2024-03-15 11:46:01,500 [INFO] PluginManage:359 - Loaded plugin userauth (category:base,tabindex:14)
2024-03-15 11:46:01,501 [INFO] PluginManage:283 - PluginManage : Loaded plugins [17]
2024-03-15 11:46:01,625 [INFO] PinOutPanel:1499 - setPackage(No Configuration,No Configuration)
2024-03-15 11:46:01,689 [INFO] CADModel:165 - CPN selected for project level
2024-03-15 11:46:01,689 [INFO] CADModel:114 - Register for checkConnection events
2024-03-15 11:46:01,699 [INFO] IPUIPlugin:80 - create IPUIPlugin
2024-03-15 11:46:01,699 [INFO] PluginManager:220 - loadIPPluginJar : add gic
2024-03-15 11:46:01,704 [INFO] IPUIPlugin:80 - create IPUIPlugin
2024-03-15 11:46:01,704 [INFO] PluginManager:220 - loadIPPluginJar : add usart
2024-03-15 11:46:01,708 [INFO] IPUIPlugin:80 - create IPUIPlugin
2024-03-15 11:46:01,708 [INFO] PluginManager:220 - loadIPPluginJar : add gpio
2024-03-15 11:46:01,710 [INFO] IPUIPlugin:80 - create IPUIPlugin
2024-03-15 11:46:01,710 [INFO] PluginManager:220 - loadIPPluginJar : add dfsdm
2024-03-15 11:46:01,712 [INFO] IPUIPlugin:80 - create IPUIPlugin
2024-03-15 11:46:01,713 [INFO] PluginManager:220 - loadIPPluginJar : add lorawan
2024-03-15 11:46:01,715 [INFO] IPUIPlugin:80 - create IPUIPlugin
2024-03-15 11:46:01,715 [INFO] PluginManager:220 - loadIPPluginJar : add sai
2024-03-15 11:46:01,716 [INFO] IPUIPlugin:80 - create IPUIPlugin
2024-03-15 11:46:01,716 [INFO] PluginManager:220 - loadIPPluginJar : add comp
2024-03-15 11:46:01,718 [INFO] IPUIPlugin:80 - create IPUIPlugin
2024-03-15 11:46:01,718 [INFO] PluginManager:220 - loadIPPluginJar : add tim
2024-03-15 11:46:01,723 [INFO] IPUIPlugin:80 - create IPUIPlugin
2024-03-15 11:46:01,723 [INFO] PluginManager:220 - loadIPPluginJar : add mdma
2024-03-15 11:46:01,730 [INFO] IPUIPlugin:80 - create IPUIPlugin
2024-03-15 11:46:01,730 [INFO] PluginManager:220 - loadIPPluginJar : add adc
2024-03-15 11:46:01,734 [INFO] IPUIPlugin:80 - create IPUIPlugin
2024-03-15 11:46:01,735 [INFO] PluginManager:220 - loadIPPluginJar : add freertos
2024-03-15 11:46:01,737 [INFO] IPUIPlugin:80 - create IPUIPlugin
2024-03-15 11:46:01,737 [INFO] PluginManager:220 - loadIPPluginJar : add i3c
2024-03-15 11:46:01,741 [INFO] IPUIPlugin:80 - create IPUIPlugin
2024-03-15 11:46:01,741 [INFO] PluginManager:220 - loadIPPluginJar : add stm32_wpan
2024-03-15 11:46:01,743 [INFO] IPUIPlugin:80 - create IPUIPlugin
2024-03-15 11:46:01,743 [INFO] PluginManager:220 - loadIPPluginJar : add ucpd
2024-03-15 11:46:01,744 [INFO] IPUIPlugin:80 - create IPUIPlugin
2024-03-15 11:46:01,744 [INFO] PluginManager:220 - loadIPPluginJar : add tsc
2024-03-15 11:46:01,747 [INFO] IPUIPlugin:80 - create IPUIPlugin
2024-03-15 11:46:01,747 [INFO] PluginManager:220 - loadIPPluginJar : add openamp
2024-03-15 11:46:01,752 [INFO] IPUIPlugin:80 - create IPUIPlugin
2024-03-15 11:46:01,752 [INFO] PluginManager:220 - loadIPPluginJar : add dma
2024-03-15 11:46:01,754 [INFO] IPUIPlugin:80 - create IPUIPlugin
2024-03-15 11:46:01,754 [INFO] PluginManager:220 - loadIPPluginJar : add dma3
2024-03-15 11:46:01,755 [INFO] IPUIPlugin:80 - create IPUIPlugin
2024-03-15 11:46:01,755 [INFO] PluginManager:220 - loadIPPluginJar : add fatfs
2024-03-15 11:46:01,757 [INFO] IPUIPlugin:80 - create IPUIPlugin
2024-03-15 11:46:01,757 [INFO] PluginManager:220 - loadIPPluginJar : add spi
2024-03-15 11:46:01,759 [INFO] IPUIPlugin:80 - create IPUIPlugin
2024-03-15 11:46:01,759 [INFO] PluginManager:220 - loadIPPluginJar : add i2c
2024-03-15 11:46:01,762 [INFO] IPUIPlugin:80 - create IPUIPlugin
2024-03-15 11:46:01,762 [INFO] PluginManager:220 - loadIPPluginJar : add gtzc
2024-03-15 11:46:01,763 [INFO] IPUIPlugin:80 - create IPUIPlugin
2024-03-15 11:46:01,763 [INFO] PluginManager:220 - loadIPPluginJar : add genericplugin
2024-03-15 11:46:01,764 [INFO] IPUIPlugin:80 - create IPUIPlugin
2024-03-15 11:46:01,765 [INFO] PluginManager:220 - loadIPPluginJar : add gfxmmu
2024-03-15 11:46:01,767 [INFO] IPUIPlugin:80 - create IPUIPlugin
2024-03-15 11:46:01,767 [INFO] PluginManager:220 - loadIPPluginJar : add usbx
2024-03-15 11:46:01,769 [INFO] IPUIPlugin:80 - create IPUIPlugin
2024-03-15 11:46:01,769 [INFO] PluginManager:220 - loadIPPluginJar : add aes
2024-03-15 11:46:01,771 [INFO] IPUIPlugin:80 - create IPUIPlugin
2024-03-15 11:46:01,771 [INFO] PluginManager:220 - loadIPPluginJar : add i2s
2024-03-15 11:46:01,773 [INFO] IPUIPlugin:80 - create IPUIPlugin
2024-03-15 11:46:01,773 [INFO] PluginManager:220 - loadIPPluginJar : add touchsensing
2024-03-15 11:46:01,776 [INFO] IPUIPlugin:80 - create IPUIPlugin
2024-03-15 11:46:01,776 [INFO] PluginManager:220 - loadIPPluginJar : add ipddr
2024-03-15 11:46:01,781 [INFO] IPUIPlugin:80 - create IPUIPlugin
2024-03-15 11:46:01,782 [INFO] PluginManager:220 - loadIPPluginJar : add linkedlist
2024-03-15 11:46:01,783 [INFO] IPUIPlugin:80 - create IPUIPlugin
2024-03-15 11:46:01,783 [INFO] PluginManager:220 - loadIPPluginJar : add tracer_emb
2024-03-15 11:46:01,784 [INFO] IPUIPlugin:80 - create IPUIPlugin
2024-03-15 11:46:01,784 [INFO] PluginManager:220 - loadIPPluginJar : add quadspi
2024-03-15 11:46:01,786 [INFO] IPUIPlugin:80 - create IPUIPlugin
2024-03-15 11:46:01,786 [INFO] PluginManager:220 - loadIPPluginJar : add pdm2pcm
2024-03-15 11:46:01,788 [INFO] IPUIPlugin:80 - create IPUIPlugin
2024-03-15 11:46:01,788 [INFO] PluginManager:220 - loadIPPluginJar : add can
2024-03-15 11:46:01,789 [INFO] IPUIPlugin:80 - create IPUIPlugin
2024-03-15 11:46:01,789 [INFO] PluginManager:220 - loadIPPluginJar : add ltdc
2024-03-15 11:46:01,793 [INFO] IPUIPlugin:80 - create IPUIPlugin
2024-03-15 11:46:01,794 [INFO] PluginManager:220 - loadIPPluginJar : add fmc
2024-03-15 11:46:01,795 [INFO] IPUIPlugin:80 - create IPUIPlugin
2024-03-15 11:46:01,795 [INFO] PluginManager:220 - loadIPPluginJar : add ts
2024-03-15 11:46:01,797 [INFO] IPUIPlugin:80 - create IPUIPlugin
2024-03-15 11:46:01,797 [INFO] PluginManager:220 - loadIPPluginJar : add cryp
2024-03-15 11:46:01,799 [INFO] IPUIPlugin:80 - create IPUIPlugin
2024-03-15 11:46:01,799 [INFO] PluginManager:220 - loadIPPluginJar : add opamp
2024-03-15 11:46:01,801 [INFO] IPUIPlugin:80 - create IPUIPlugin
2024-03-15 11:46:01,801 [INFO] PluginManager:220 - loadIPPluginJar : add hash
2024-03-15 11:46:01,804 [INFO] IPUIPlugin:80 - create IPUIPlugin
2024-03-15 11:46:01,804 [INFO] PluginManager:220 - loadIPPluginJar : add nvic
2024-03-15 11:46:01,810 [INFO] IPUIPlugin:80 - create IPUIPlugin
2024-03-15 11:46:01,812 [INFO] PluginManager:220 - loadIPPluginJar : add plateformsettings
2024-03-15 11:46:01,815 [INFO] IPUIPlugin:80 - create IPUIPlugin
2024-03-15 11:46:01,815 [INFO] PluginManager:220 - loadIPPluginJar : add resmgrutility
2024-03-15 11:46:01,907 [INFO] CADModel:165 - CPN selected for project level
2024-03-15 11:46:01,907 [INFO] CADModel:114 - Register for checkConnection events
2024-03-15 11:46:01,907 [FATAL] Updater:308 - Updater called before beeing initialized
2024-03-15 11:46:01,907 [ERROR] CADModel:125 - Updater not yet initialized, retry later 
2024-03-15 11:46:02,025 [INFO] CADModel:165 - CPN selected for project level
2024-03-15 11:46:02,025 [INFO] CADModel:114 - Register for checkConnection events
2024-03-15 11:46:02,025 [FATAL] Updater:308 - Updater called before beeing initialized
2024-03-15 11:46:02,025 [ERROR] CADModel:125 - Updater not yet initialized, retry later 
2024-03-15 11:46:02,028 [FATAL] Updater:308 - Updater called before beeing initialized
2024-03-15 11:46:02,098 [FATAL] Updater:308 - Updater called before beeing initialized
2024-03-15 11:46:02,101 [INFO] DbMcusAds:53 - JSON generation date=Wed Nov 29 04:52:27 CST 2023 (1701255147349)
2024-03-15 11:46:02,102 [FATAL] Updater:308 - Updater called before beeing initialized
2024-03-15 11:46:02,137 [WARN] DetailPanel:346 - Failed to get advertising image, set to default
2024-03-15 11:46:02,220 [FATAL] Updater:308 - Updater called before beeing initialized
2024-03-15 11:46:02,221 [FATAL] Updater:308 - Updater called before beeing initialized
2024-03-15 11:46:02,221 [FATAL] Updater:308 - Updater called before beeing initialized
2024-03-15 11:46:02,221 [WARN] DetailPanel:346 - Failed to get advertising image, set to default
2024-03-15 11:46:02,222 [FATAL] Updater:308 - Updater called before beeing initialized
2024-03-15 11:46:02,241 [ERROR] Updater:1120 - MainUpdater not yet initialized. External WinMGr cannot be set.
2024-03-15 11:46:02,242 [INFO] Updater:1056 - Updater Version found : 6.9.2
2024-03-15 11:46:02,254 [INFO] ApplicationProperties:184 - Using Application install path: /opt/st/stm32cubeide_1.13.2/plugins/com.st.stm32cube.common.mx_6.9.2.202309101412
2024-03-15 11:46:02,475 [INFO] MainUpdater:2868 - connection check result : 10
2024-03-15 11:46:02,475 [INFO] MainUpdater:285 - Updater Check For Update Now.
2024-03-15 11:46:02,476 [INFO] MicroXplorer:498 - Change Database Version : DB.6.0.92
2024-03-15 11:46:02,480 [INFO] McuFinderGlobals:63 - Set McuFinder mode to 2 (CubeIDE integrated)
2024-03-15 11:46:02,480 [INFO] UserAuth:179 - activating auth plugin
2024-03-15 11:46:02,482 [INFO] UserAuth:393 - Internet connection configuration mode: 1
2024-03-15 11:46:02,495 [INFO] JxBrowserEngine:151 - Initiate JxBrowser Engine with user profile folder
2024-03-15 11:46:02,647 [INFO] CheckServerUpdateThread:120 - End of CheckServer Thread
2024-03-15 11:46:03,154 [INFO] WebApp:157 - Instantiating new browser for Auth
2024-03-15 11:46:03,580 [INFO] WebApp:753 - Register for checkConnection events
2024-03-15 11:46:03,580 [INFO] WebApp:390 - Apply proxy settings
2024-03-15 11:46:03,580 [INFO] WebApp:475 - Chromium requires no authentication
2024-03-15 11:46:03,584 [INFO] WebApp:418 - Direct internet connection detected
2024-03-15 11:46:03,679 [INFO] WebApp:188 - Starting web application
2024-03-15 11:46:03,679 [INFO] WebApp:520 - Web application path used /opt/st/stm32cubeide_1.13.2/plugins/com.st.stm32cube.common.mx_6.9.2.202309101412/db/plugins/mcufinder/reactClient1/index.html
2024-03-15 11:46:04,415 [WARN] PackLoader:240 - Cannot read IP mode file for STMicroelectronics.X-CUBE-SMBUS.2.1.0
2024-03-15 11:46:04,420 [WARN] PackLoader:240 - Cannot read IP mode file for STMicroelectronics.X-CUBE-TOUCHGFX.4.23.0
2024-03-15 11:46:04,441 [WARN] PackLoader:240 - Cannot read IP mode file for STMicroelectronics.X-CUBE-AZRTOS-F7.1.1.0
2024-03-15 11:46:04,449 [WARN] PackLoader:240 - Cannot read IP mode file for STMicroelectronics.FP-SNS-MOTENV1.4.3.2
2024-03-15 11:46:04,453 [WARN] PackLoader:240 - Cannot read IP mode file for STMicroelectronics.FP-SNS-FLIGHT1.5.0.2
2024-03-15 11:46:04,460 [WARN] PackLoader:240 - Cannot read IP mode file for STMicroelectronics.X-CUBE-DISPLAY.3.0.0
2024-03-15 11:46:04,469 [WARN] PackLoader:240 - Cannot read IP mode file for STMicroelectronics.X-CUBE-BLE1.7.0.0
2024-03-15 11:46:04,473 [WARN] PackLoader:240 - Cannot read IP mode file for emotas.I-CUBE-CANOPEN.1.3.0
2024-03-15 11:46:04,475 [WARN] PackLoader:240 - Cannot read IP mode file for STMicroelectronics.X-CUBE-TOUCHGFX.4.22.1
2024-03-15 11:46:04,483 [WARN] PackLoader:240 - Cannot read IP mode file for STMicroelectronics.X-CUBE-BLEMGR.3.1.0
2024-03-15 11:46:04,488 [WARN] PackLoader:240 - Cannot read IP mode file for STMicroelectronics.FP-SNS-SMARTAG2.1.2.0
2024-03-15 11:46:04,496 [INFO] LogOutputStream:77 - [STDOUT_REDIRECT] 1 : Invalid condition id : UX_CORESTACK_Condition cause : null
2024-03-15 11:46:04,497 [INFO] LogOutputStream:77 - [STDOUT_REDIRECT] 1 : Invalid condition id : UX_CORESTACK_Condition cause : null
2024-03-15 11:46:04,497 [INFO] LogOutputStream:77 - [STDOUT_REDIRECT] 1 : Invalid condition id : UX_CORESTACK_Condition cause : null
2024-03-15 11:46:04,497 [INFO] LogOutputStream:77 - [STDOUT_REDIRECT] 1 : Invalid condition id : UX_CORESTACK_Condition cause : null
2024-03-15 11:46:04,498 [INFO] LogOutputStream:77 - [STDOUT_REDIRECT] 1 : Invalid condition id : UX_CORESTACK_Condition cause : null
2024-03-15 11:46:04,501 [WARN] PackLoader:240 - Cannot read IP mode file for STMicroelectronics.X-CUBE-AZRTOS-WL.2.0.0
2024-03-15 11:46:04,506 [WARN] PackLoader:240 - Cannot read IP mode file for WES.I-CUBE-Cesium.1.3.0
2024-03-15 11:46:04,510 [WARN] PackLoader:240 - Cannot read IP mode file for STMicroelectronics.X-CUBE-BLE2.3.3.0
2024-03-15 11:46:04,514 [WARN] PackLoader:240 - Cannot read IP mode file for STMicroelectronics.X-CUBE-ALGOBUILD.1.3.0
2024-03-15 11:46:04,528 [WARN] PackLoader:240 - Cannot read IP mode file for STMicroelectronics.X-CUBE-AZRTOS-G0.1.1.0
2024-03-15 11:46:04,533 [WARN] PackLoader:240 - Cannot read IP mode file for STMicroelectronics.X-CUBE-NFC4.3.0.0
2024-03-15 11:46:04,540 [WARN] PackLoader:240 - Cannot read IP mode file for STMicroelectronics.X-CUBE-BLEMGR.3.0.0
2024-03-15 11:46:04,544 [WARN] PackLoader:240 - Cannot read IP mode file for STMicroelectronics.FP-ATR-SIGFOX1.3.2.0
2024-03-15 11:46:04,548 [WARN] PackLoader:240 - Cannot read IP mode file for STMicroelectronics.X-CUBE-EEPRMA1.5.1.0
2024-03-15 11:46:04,572 [WARN] PackLoader:240 - Cannot read IP mode file for SEGGER.I-CUBE-embOS.1.3.1
2024-03-15 11:46:04,612 [WARN] PackLoader:240 - Cannot read IP mode file for STMicroelectronics.X-CUBE-GNSS1.6.0.0
2024-03-15 11:46:04,632 [WARN] PackLoader:240 - Cannot read IP mode file for STMicroelectronics.X-CUBE-AZRTOS-F4.1.1.0
2024-03-15 11:46:04,639 [WARN] PackLoader:240 - Cannot read IP mode file for wolfSSL.I-CUBE-wolfSSL.5.6.3
2024-03-15 11:46:04,656 [WARN] PackLoader:240 - Cannot read IP mode file for STMicroelectronics.X-CUBE-AZRTOS-L5.2.0.0
2024-03-15 11:46:04,663 [WARN] PackLoader:240 - Cannot read IP mode file for STMicroelectronics.X-CUBE-EEPRMA1.4.2.0
2024-03-15 11:46:04,667 [WARN] PackLoader:240 - Cannot read IP mode file for ITTIA_DB.I-CUBE-ITTIADB.8.8.0
2024-03-15 11:46:04,671 [WARN] PackLoader:240 - Cannot read IP mode file for STMicroelectronics.X-CUBE-BLEMGR.2.0.0
2024-03-15 11:46:04,683 [WARN] ConditionMgr:438 - getConditionDescription Invalid condition id : UX DEVICE CLASS RTOS Condition cause : null
2024-03-15 11:46:04,683 [WARN] ConditionMgr:438 - getConditionDescription Invalid condition id : UX DEVICE CLASS RTOS Condition cause : null
2024-03-15 11:46:04,684 [WARN] PackLoader:240 - Cannot read IP mode file for STMicroelectronics.X-CUBE-AZRTOS-H7.3.1.0
2024-03-15 11:46:04,685 [WARN] ConditionMgr:1039 - genDependencies : Invalid condition id : UX DEVICE CLASS RTOS Condition cause : null
2024-03-15 11:46:04,686 [WARN] ConditionMgr:1039 - genDependencies : Invalid condition id : UX DEVICE CLASS RTOS Condition cause : null
2024-03-15 11:46:04,686 [WARN] ConditionMgr:1039 - genDependencies : Invalid condition id : UX DEVICE CLASS RTOS Condition cause : null
2024-03-15 11:46:04,686 [WARN] ConditionMgr:1039 - genDependencies : Invalid condition id : UX DEVICE CLASS RTOS Condition cause : null
2024-03-15 11:46:04,686 [WARN] ConditionMgr:1039 - genDependencies : Invalid condition id : UX DEVICE CLASS RTOS Condition cause : null
2024-03-15 11:46:04,690 [WARN] PackLoader:240 - Cannot read IP mode file for STMicroelectronics.X-CUBE-NFC7.1.0.1
2024-03-15 11:46:04,694 [WARN] PackLoader:240 - Cannot read IP mode file for STMicroelectronics.X-CUBE-NFC6.3.0.0
2024-03-15 11:46:04,698 [WARN] PackLoader:240 - Cannot read IP mode file for STMicroelectronics.X-CUBE-EEPRMA1.4.1.0
2024-03-15 11:46:04,701 [WARN] PackLoader:240 - Cannot read IP mode file for STMicroelectronics.X-CUBE-AI.8.1.0
2024-03-15 11:46:04,712 [WARN] ConditionMgr:438 - getConditionDescription Invalid condition id : LAN8742 Phy interface Condition cause : null
2024-03-15 11:46:04,712 [WARN] PackLoader:240 - Cannot read IP mode file for STMicroelectronics.X-CUBE-AZRTOS-L4.2.0.0
2024-03-15 11:46:04,713 [WARN] ConditionMgr:1039 - genDependencies : Invalid condition id : LAN8742 Phy interface Condition cause : null
2024-03-15 11:46:04,713 [WARN] ConditionMgr:1039 - genDependencies : Invalid condition id : LAN8742 Phy interface Condition cause : null
2024-03-15 11:46:04,713 [WARN] ConditionMgr:1039 - genDependencies : Invalid condition id : LAN8742 Phy interface Condition cause : null
2024-03-15 11:46:04,718 [WARN] PackLoader:240 - Cannot read IP mode file for STMicroelectronics.X-CUBE-SFXS2LP1.4.0.0
2024-03-15 11:46:04,721 [WARN] PackLoader:240 - Cannot read IP mode file for STMicroelectronics.X-CUBE-ISPU.1.1.0
2024-03-15 11:46:04,732 [WARN] ConditionMgr:438 - getConditionDescription Invalid condition id : UX DEVICE CLASS RTOS Condition cause : null
2024-03-15 11:46:04,732 [WARN] ConditionMgr:438 - getConditionDescription Invalid condition id : UX DEVICE CLASS RTOS Condition cause : null
2024-03-15 11:46:04,734 [WARN] PackLoader:240 - Cannot read IP mode file for STMicroelectronics.X-CUBE-AZRTOS-WB.2.0.0
2024-03-15 11:46:04,735 [WARN] ConditionMgr:1039 - genDependencies : Invalid condition id : UX DEVICE CLASS RTOS Condition cause : null
2024-03-15 11:46:04,735 [WARN] ConditionMgr:1039 - genDependencies : Invalid condition id : UX DEVICE CLASS RTOS Condition cause : null
2024-03-15 11:46:04,736 [WARN] ConditionMgr:1039 - genDependencies : Invalid condition id : UX DEVICE CLASS RTOS Condition cause : null
2024-03-15 11:46:04,736 [WARN] ConditionMgr:1039 - genDependencies : Invalid condition id : UX DEVICE CLASS RTOS Condition cause : null
2024-03-15 11:46:04,736 [WARN] ConditionMgr:1039 - genDependencies : Invalid condition id : UX DEVICE CLASS RTOS Condition cause : null
2024-03-15 11:46:04,742 [WARN] PackLoader:240 - Cannot read IP mode file for STMicroelectronics.X-CUBE-SUBG2.5.0.0
2024-03-15 11:46:04,757 [WARN] PackLoader:240 - Cannot read IP mode file for STMicroelectronics.X-CUBE-TOF1.3.3.1
2024-03-15 11:46:04,775 [WARN] PackLoader:240 - Cannot read IP mode file for STMicroelectronics.X-CUBE-AZRTOS-G4.2.0.0
2024-03-15 11:46:04,787 [WARN] PackLoader:240 - Cannot read IP mode file for Infineon.AIROC-Wi-Fi-Bluetooth-STM32.1.5.1
2024-03-15 11:46:04,795 [WARN] PackLoader:240 - Cannot read IP mode file for STMicroelectronics.FP-SNS-MOTENVWB1.1.3.1
2024-03-15 11:46:04,797 [WARN] PackLoader:240 - Cannot read IP mode file for STMicroelectronics.X-CUBE-ISPU.2.0.0
2024-03-15 11:46:04,822 [WARN] PackLoader:240 - Cannot read IP mode file for STMicroelectronics.X-CUBE-MEMS1.10.0.0
2024-03-15 11:46:04,931 [WARN] PackLoader:240 - Cannot read IP mode file for STMicroelectronics.X-CUBE-FREERTOS.1.1.0
2024-03-15 11:46:04,935 [WARN] PackLoader:240 - Cannot read IP mode file for portGmbH.I-Cube-SoM-uGOAL.1.1.0
2024-03-15 11:46:04,938 [WARN] PackLoader:240 - Cannot read IP mode file for STMicroelectronics.X-CUBE-ALS.1.0.1
2024-03-15 11:46:04,940 [WARN] PackLoader:240 - Cannot read IP mode file for STMicroelectronics.FP-ATR-ASTRA1.2.0.0
2024-03-15 11:46:04,947 [WARN] PackLoader:240 - Cannot read IP mode file for STMicroelectronics.X-CUBE-TOF1.3.4.0
2024-03-15 11:46:04,965 [WARN] PackLoader:240 - Cannot read IP mode file for STMicroelectronics.X-CUBE-TOF1.3.4.1
2024-03-15 11:46:04,988 [WARN] PackLoader:240 - Cannot read IP mode file for STMicroelectronics.X-CUBE-AZRTOS-H7.3.2.0
2024-03-15 11:46:04,990 [INFO] ThirdParty:978 - Integrity check success = true
2024-03-15 11:46:04,990 [INFO] IntegrityCheckThread:100 - exiting critical section [integrity check]
2024-03-15 11:46:04,990 [INFO] IntegrityCheckThread:103 - End integrity checks thread
2024-03-15 11:46:23,932 [ERROR] LogOutputStream:75 - [STDERR_REDIRECT] SLF4J: Failed to load class "org.slf4j.impl.StaticLoggerBinder".
2024-03-15 11:46:23,932 [ERROR] LogOutputStream:75 - [STDERR_REDIRECT] SLF4J: Defaulting to no-operation (NOP) logger implementation
2024-03-15 11:46:23,932 [ERROR] LogOutputStream:75 - [STDERR_REDIRECT] SLF4J: See http://www.slf4j.org/codes.html#StaticLoggerBinder for further details.
2024-03-15 11:47:11,977 [ERROR] LogOutputStream:75 - [STDERR_REDIRECT] 
2024-03-15 12:19:58,146 [INFO] Activator:176 - 


2024-03-15 12:19:58,148 [INFO] Activator:177 - !SESSION log4j initialized
2024-03-15 12:20:02,351 [INFO] LogOutputStream:77 - [STDOUT_REDIRECT] 
2024-03-15 12:20:02,877 [INFO] ApplicationProperties:184 - Using Application install path: /opt/st/stm32cubeide_1.13.2/plugins/com.st.stm32cube.common.mx_6.9.2.202309101412
2024-03-15 12:20:02,892 [INFO] DbMcusXml:78 - Set database path to: /opt/st/stm32cubeide_1.13.2/plugins/com.st.stm32cube.common.mx_6.9.2.202309101412//db//mcu/
2024-03-15 12:20:02,892 [INFO] ApiDb:274 - Set plugin database path to: /opt/st/stm32cubeide_1.13.2/plugins/com.st.stm32cube.common.mx_6.9.2.202309101412//db//plugins/boardmanager/
2024-03-15 12:20:02,892 [WARN] ApiDb:259 - Overriding images path with different value:  => /opt/st/stm32cubeide_1.13.2/plugins/com.st.stm32cube.common.mx_6.9.2.202309101412//db//plugins/mcufinder/images/
2024-03-15 12:20:02,900 [INFO] ApiDb:250 - Set database path to: /home/wyatt/.stmcufinder/plugins/mcufinder//mcu/
2024-03-15 12:20:02,902 [INFO] DbMcusAds:125 - Set database path to: /home/wyatt/.stmcufinder/plugins/mcufinder//mcu/
2024-03-15 12:20:02,904 [INFO] CrossReferenceDbSqlite:203 - Set database path to: /home/wyatt/.stmcufinder/plugins/mcufinder//mcu/cs/
2024-03-15 12:20:03,015 [INFO] RulesReader:64 - Compatibility file has been processed (293 Rules)
2024-03-15 12:20:03,060 [INFO] DbMcusXml:78 - Set database path to: /opt/st/stm32cubeide_1.13.2/plugins/com.st.stm32cube.common.mx_6.9.2.202309101412//db//mcu/
2024-03-15 12:20:03,061 [INFO] ApiDb:274 - Set plugin database path to: /opt/st/stm32cubeide_1.13.2/plugins/com.st.stm32cube.common.mx_6.9.2.202309101412//db//plugins/boardmanager/
2024-03-15 12:20:03,061 [INFO] ApiDb:261 - Set plugin images path to: /opt/st/stm32cubeide_1.13.2/plugins/com.st.stm32cube.common.mx_6.9.2.202309101412//db//plugins/mcufinder/images/
2024-03-15 12:20:03,061 [WARN] DbFile:41 - Overriding database path with different value: /home/wyatt/.stmcufinder/plugins/mcufinder/ => /home/wyatt/.stmcufinder/plugins/mcufinder
2024-03-15 12:20:03,061 [INFO] ApiDb:250 - Set database path to: /home/wyatt/.stmcufinder/plugins/mcufinder//mcu/
2024-03-15 12:20:03,061 [WARN] DbFile:41 - Overriding database path with different value: /home/wyatt/.stmcufinder/plugins/mcufinder/ => /home/wyatt/.stmcufinder/plugins/mcufinder
2024-03-15 12:20:03,061 [INFO] DbMcusAds:125 - Set database path to: /home/wyatt/.stmcufinder/plugins/mcufinder//mcu/
2024-03-15 12:20:03,061 [WARN] DbFile:41 - Overriding database path with different value: /home/wyatt/.stmcufinder/plugins/mcufinder/ => /home/wyatt/.stmcufinder/plugins/mcufinder
2024-03-15 12:20:03,062 [WARN] DbFile:41 - Overriding database path with different value: /home/wyatt/.stmcufinder/plugins/mcufinder/ => /home/wyatt/.stmcufinder/plugins/mcufinder
2024-03-15 12:20:03,062 [INFO] CrossReferenceDbSqlite:203 - Set database path to: /home/wyatt/.stmcufinder/plugins/mcufinder//mcu/cs/
2024-03-15 12:20:03,107 [INFO] MainPanel:262 - HeapMemory: 268435456
2024-03-15 12:20:03,172 [INFO] DbMcusXml:78 - Set database path to: /opt/st/stm32cubeide_1.13.2/plugins/com.st.stm32cube.common.mx_6.9.2.202309101412//db//mcu/
2024-03-15 12:20:03,173 [INFO] ApiDb:274 - Set plugin database path to: /opt/st/stm32cubeide_1.13.2/plugins/com.st.stm32cube.common.mx_6.9.2.202309101412//db//plugins/boardmanager/
2024-03-15 12:20:03,173 [INFO] ApiDb:261 - Set plugin images path to: /opt/st/stm32cubeide_1.13.2/plugins/com.st.stm32cube.common.mx_6.9.2.202309101412//db//plugins/mcufinder/images/
2024-03-15 12:20:03,173 [WARN] DbFile:41 - Overriding database path with different value: /home/wyatt/.stmcufinder/plugins/mcufinder/ => /home/wyatt/.stmcufinder/plugins/mcufinder
2024-03-15 12:20:03,173 [INFO] ApiDb:250 - Set database path to: /home/wyatt/.stmcufinder/plugins/mcufinder//mcu/
2024-03-15 12:20:03,173 [WARN] DbFile:41 - Overriding database path with different value: /home/wyatt/.stmcufinder/plugins/mcufinder/ => /home/wyatt/.stmcufinder/plugins/mcufinder
2024-03-15 12:20:03,173 [INFO] DbMcusAds:125 - Set database path to: /home/wyatt/.stmcufinder/plugins/mcufinder//mcu/
2024-03-15 12:20:03,173 [WARN] DbFile:41 - Overriding database path with different value: /home/wyatt/.stmcufinder/plugins/mcufinder/ => /home/wyatt/.stmcufinder/plugins/mcufinder
2024-03-15 12:20:03,173 [WARN] DbFile:41 - Overriding database path with different value: /home/wyatt/.stmcufinder/plugins/mcufinder/ => /home/wyatt/.stmcufinder/plugins/mcufinder
2024-03-15 12:20:03,173 [INFO] CrossReferenceDbSqlite:203 - Set database path to: /home/wyatt/.stmcufinder/plugins/mcufinder//mcu/cs/
2024-03-15 12:20:03,183 [INFO] ApplicationProperties:184 - Using Application install path: /opt/st/stm32cubeide_1.13.2/plugins/com.st.stm32cube.common.mx_6.9.2.202309101412
2024-03-15 12:20:03,185 [INFO] PluginManage:196 - Search for loadable plugins [exclusion list=, ]
2024-03-15 12:20:03,185 [INFO] PluginManage:310 - Check plugin analytics
2024-03-15 12:20:03,289 [INFO] AnalyticsPlugin:253 - Accepted Software Licenses: 
2024-03-15 12:20:03,289 [INFO] AnalyticsPlugin:255 - Accepted CMSIS Pack Licenses: 
2024-03-15 12:20:03,289 [INFO] AnalyticsPlugin:257 - Accepted Firmware Licenses: FW.F4.1.27.0
2024-03-15 12:20:03,291 [INFO] PluginManage:359 - Loaded plugin analytics (category:tool,tabindex:-1)
2024-03-15 12:20:03,291 [INFO] PluginManage:310 - Check plugin cadmodel
2024-03-15 12:20:03,347 [INFO] CADModel:105 - Init CAD model plugin
2024-03-15 12:20:03,348 [INFO] PluginManage:359 - Loaded plugin cadmodel (category:power,tabindex:5)
2024-03-15 12:20:03,348 [INFO] PluginManage:310 - Check plugin clock
2024-03-15 12:20:03,353 [INFO] PluginManage:359 - Loaded plugin clock (category:base,tabindex:2)
2024-03-15 12:20:03,353 [INFO] PluginManage:310 - Check plugin ddr
2024-03-15 12:20:03,354 [INFO] PluginManage:359 - Loaded plugin ddr (category:tool,tabindex:6)
2024-03-15 12:20:03,354 [INFO] PluginManage:310 - Check plugin filemanager
2024-03-15 12:20:03,442 [INFO] PluginManage:359 - Loaded plugin filemanager (category:base,tabindex:10)
2024-03-15 12:20:03,442 [INFO] PluginManage:310 - Check plugin ipmanager
2024-03-15 12:20:03,446 [INFO] PluginManage:359 - Loaded plugin ipmanager (category:base,tabindex:5)
2024-03-15 12:20:03,447 [INFO] PluginManage:310 - Check plugin lpbam
2024-03-15 12:20:03,453 [INFO] PluginManage:359 - Loaded plugin lpbam (category:base,tabindex:0)
2024-03-15 12:20:03,454 [INFO] PluginManage:310 - Check plugin memorymap
2024-03-15 12:20:03,463 [INFO] PluginManage:359 - Loaded plugin memorymap (category:base,tabindex:4)
2024-03-15 12:20:03,463 [INFO] PluginManage:310 - Check plugin pinoutandconfiguration
2024-03-15 12:20:03,469 [INFO] PluginManage:359 - Loaded plugin pinoutandconfiguration (category:base,tabindex:1)
2024-03-15 12:20:03,469 [INFO] PluginManage:310 - Check plugin pinoutconfig
2024-03-15 12:20:03,532 [WARN] SupportedApi:132 - Cannot load RTOS API schema: s4s-elt-must-match.1: The content of 'definitions' must match (annotation?, (simpleType | complexType)?, (unique | key | keyref)*)). A problem was found starting at: attribute.
2024-03-15 12:20:03,625 [INFO] PluginManage:359 - Loaded plugin pinoutconfig (category:base,tabindex:0)
2024-03-15 12:20:03,625 [INFO] PluginManage:310 - Check plugin power
2024-03-15 12:20:03,630 [INFO] PluginManage:359 - Loaded plugin power (category:power,tabindex:4)
2024-03-15 12:20:03,630 [INFO] PluginManage:310 - Check plugin projectmanager
2024-03-15 12:20:03,640 [INFO] PluginManage:359 - Loaded plugin projectmanager (category:projectmanager,tabindex:3)
2024-03-15 12:20:03,641 [INFO] PluginManage:310 - Check plugin thirdparty
2024-03-15 12:20:03,720 [INFO] PluginManage:359 - Loaded plugin thirdparty (category:base,tabindex:-1)
2024-03-15 12:20:03,720 [WARN] IntegrityCheckThread:84 - waiting for thirdparty lock release [integrity check]
2024-03-15 12:20:03,721 [INFO] IntegrityCheckThread:86 - entering critical section [integrity check]
2024-03-15 12:20:03,721 [INFO] PluginManage:310 - Check plugin tools
2024-03-15 12:20:03,721 [INFO] ThirdPartyUpdaterWithRetryManager:70 - Updater plugin not ready yet. [1/15]
2024-03-15 12:20:03,722 [INFO] PluginManage:359 - Loaded plugin tools (category:base,tabindex:7)
2024-03-15 12:20:03,722 [INFO] PluginManage:310 - Check plugin tutovideos
2024-03-15 12:20:03,823 [INFO] PluginManage:359 - Loaded plugin tutovideos (category:base,tabindex:-1)
2024-03-15 12:20:03,824 [INFO] PluginManage:310 - Check plugin updater
2024-03-15 12:20:03,830 [INFO] PluginManage:359 - Loaded plugin updater (category:base,tabindex:12)
2024-03-15 12:20:03,830 [INFO] PluginManage:310 - Check plugin userauth
2024-03-15 12:20:03,833 [INFO] UserAuth:113 - Init User Auth plugin
2024-03-15 12:20:03,833 [INFO] PluginManage:359 - Loaded plugin userauth (category:base,tabindex:14)
2024-03-15 12:20:03,833 [INFO] PluginManage:283 - PluginManage : Loaded plugins [17]
2024-03-15 12:20:03,948 [INFO] PinOutPanel:1499 - setPackage(No Configuration,No Configuration)
2024-03-15 12:20:04,003 [INFO] CADModel:165 - CPN selected for project level
2024-03-15 12:20:04,003 [INFO] CADModel:114 - Register for checkConnection events
2024-03-15 12:20:04,010 [INFO] IPUIPlugin:80 - create IPUIPlugin
2024-03-15 12:20:04,010 [INFO] PluginManager:220 - loadIPPluginJar : add gic
2024-03-15 12:20:04,014 [INFO] IPUIPlugin:80 - create IPUIPlugin
2024-03-15 12:20:04,014 [INFO] PluginManager:220 - loadIPPluginJar : add usart
2024-03-15 12:20:04,016 [INFO] IPUIPlugin:80 - create IPUIPlugin
2024-03-15 12:20:04,017 [INFO] PluginManager:220 - loadIPPluginJar : add gpio
2024-03-15 12:20:04,018 [INFO] IPUIPlugin:80 - create IPUIPlugin
2024-03-15 12:20:04,018 [INFO] PluginManager:220 - loadIPPluginJar : add dfsdm
2024-03-15 12:20:04,019 [INFO] IPUIPlugin:80 - create IPUIPlugin
2024-03-15 12:20:04,019 [INFO] PluginManager:220 - loadIPPluginJar : add lorawan
2024-03-15 12:20:04,021 [INFO] IPUIPlugin:80 - create IPUIPlugin
2024-03-15 12:20:04,021 [INFO] PluginManager:220 - loadIPPluginJar : add sai
2024-03-15 12:20:04,022 [INFO] IPUIPlugin:80 - create IPUIPlugin
2024-03-15 12:20:04,022 [INFO] PluginManager:220 - loadIPPluginJar : add comp
2024-03-15 12:20:04,023 [INFO] IPUIPlugin:80 - create IPUIPlugin
2024-03-15 12:20:04,023 [INFO] PluginManager:220 - loadIPPluginJar : add tim
2024-03-15 12:20:04,027 [INFO] IPUIPlugin:80 - create IPUIPlugin
2024-03-15 12:20:04,027 [INFO] PluginManager:220 - loadIPPluginJar : add mdma
2024-03-15 12:20:04,031 [INFO] IPUIPlugin:80 - create IPUIPlugin
2024-03-15 12:20:04,031 [INFO] PluginManager:220 - loadIPPluginJar : add adc
2024-03-15 12:20:04,034 [INFO] IPUIPlugin:80 - create IPUIPlugin
2024-03-15 12:20:04,035 [INFO] PluginManager:220 - loadIPPluginJar : add freertos
2024-03-15 12:20:04,036 [INFO] IPUIPlugin:80 - create IPUIPlugin
2024-03-15 12:20:04,036 [INFO] PluginManager:220 - loadIPPluginJar : add i3c
2024-03-15 12:20:04,039 [INFO] IPUIPlugin:80 - create IPUIPlugin
2024-03-15 12:20:04,039 [INFO] PluginManager:220 - loadIPPluginJar : add stm32_wpan
2024-03-15 12:20:04,040 [INFO] IPUIPlugin:80 - create IPUIPlugin
2024-03-15 12:20:04,040 [INFO] PluginManager:220 - loadIPPluginJar : add ucpd
2024-03-15 12:20:04,041 [INFO] IPUIPlugin:80 - create IPUIPlugin
2024-03-15 12:20:04,042 [INFO] PluginManager:220 - loadIPPluginJar : add tsc
2024-03-15 12:20:04,043 [INFO] IPUIPlugin:80 - create IPUIPlugin
2024-03-15 12:20:04,043 [INFO] PluginManager:220 - loadIPPluginJar : add openamp
2024-03-15 12:20:04,047 [INFO] IPUIPlugin:80 - create IPUIPlugin
2024-03-15 12:20:04,047 [INFO] PluginManager:220 - loadIPPluginJar : add dma
2024-03-15 12:20:04,048 [INFO] IPUIPlugin:80 - create IPUIPlugin
2024-03-15 12:20:04,048 [INFO] PluginManager:220 - loadIPPluginJar : add dma3
2024-03-15 12:20:04,049 [INFO] IPUIPlugin:80 - create IPUIPlugin
2024-03-15 12:20:04,049 [INFO] PluginManager:220 - loadIPPluginJar : add fatfs
2024-03-15 12:20:04,050 [INFO] IPUIPlugin:80 - create IPUIPlugin
2024-03-15 12:20:04,051 [INFO] PluginManager:220 - loadIPPluginJar : add spi
2024-03-15 12:20:04,052 [INFO] IPUIPlugin:80 - create IPUIPlugin
2024-03-15 12:20:04,052 [INFO] PluginManager:220 - loadIPPluginJar : add i2c
2024-03-15 12:20:04,053 [INFO] IPUIPlugin:80 - create IPUIPlugin
2024-03-15 12:20:04,053 [INFO] PluginManager:220 - loadIPPluginJar : add gtzc
2024-03-15 12:20:04,054 [INFO] IPUIPlugin:80 - create IPUIPlugin
2024-03-15 12:20:04,054 [INFO] PluginManager:220 - loadIPPluginJar : add genericplugin
2024-03-15 12:20:04,055 [INFO] IPUIPlugin:80 - create IPUIPlugin
2024-03-15 12:20:04,056 [INFO] PluginManager:220 - loadIPPluginJar : add gfxmmu
2024-03-15 12:20:04,057 [INFO] IPUIPlugin:80 - create IPUIPlugin
2024-03-15 12:20:04,058 [INFO] PluginManager:220 - loadIPPluginJar : add usbx
2024-03-15 12:20:04,059 [INFO] IPUIPlugin:80 - create IPUIPlugin
2024-03-15 12:20:04,059 [INFO] PluginManager:220 - loadIPPluginJar : add aes
2024-03-15 12:20:04,060 [INFO] IPUIPlugin:80 - create IPUIPlugin
2024-03-15 12:20:04,060 [INFO] PluginManager:220 - loadIPPluginJar : add i2s
2024-03-15 12:20:04,062 [INFO] IPUIPlugin:80 - create IPUIPlugin
2024-03-15 12:20:04,062 [INFO] PluginManager:220 - loadIPPluginJar : add touchsensing
2024-03-15 12:20:04,064 [INFO] IPUIPlugin:80 - create IPUIPlugin
2024-03-15 12:20:04,064 [INFO] PluginManager:220 - loadIPPluginJar : add ipddr
2024-03-15 12:20:04,069 [INFO] IPUIPlugin:80 - create IPUIPlugin
2024-03-15 12:20:04,069 [INFO] PluginManager:220 - loadIPPluginJar : add linkedlist
2024-03-15 12:20:04,070 [INFO] IPUIPlugin:80 - create IPUIPlugin
2024-03-15 12:20:04,070 [INFO] PluginManager:220 - loadIPPluginJar : add tracer_emb
2024-03-15 12:20:04,071 [INFO] IPUIPlugin:80 - create IPUIPlugin
2024-03-15 12:20:04,071 [INFO] PluginManager:220 - loadIPPluginJar : add quadspi
2024-03-15 12:20:04,072 [INFO] IPUIPlugin:80 - create IPUIPlugin
2024-03-15 12:20:04,073 [INFO] PluginManager:220 - loadIPPluginJar : add pdm2pcm
2024-03-15 12:20:04,074 [INFO] IPUIPlugin:80 - create IPUIPlugin
2024-03-15 12:20:04,074 [INFO] PluginManager:220 - loadIPPluginJar : add can
2024-03-15 12:20:04,075 [INFO] IPUIPlugin:80 - create IPUIPlugin
2024-03-15 12:20:04,075 [INFO] PluginManager:220 - loadIPPluginJar : add ltdc
2024-03-15 12:20:04,078 [INFO] IPUIPlugin:80 - create IPUIPlugin
2024-03-15 12:20:04,078 [INFO] PluginManager:220 - loadIPPluginJar : add fmc
2024-03-15 12:20:04,079 [INFO] IPUIPlugin:80 - create IPUIPlugin
2024-03-15 12:20:04,079 [INFO] PluginManager:220 - loadIPPluginJar : add ts
2024-03-15 12:20:04,080 [INFO] IPUIPlugin:80 - create IPUIPlugin
2024-03-15 12:20:04,080 [INFO] PluginManager:220 - loadIPPluginJar : add cryp
2024-03-15 12:20:04,082 [INFO] IPUIPlugin:80 - create IPUIPlugin
2024-03-15 12:20:04,082 [INFO] PluginManager:220 - loadIPPluginJar : add opamp
2024-03-15 12:20:04,083 [INFO] IPUIPlugin:80 - create IPUIPlugin
2024-03-15 12:20:04,083 [INFO] PluginManager:220 - loadIPPluginJar : add hash
2024-03-15 12:20:04,085 [INFO] IPUIPlugin:80 - create IPUIPlugin
2024-03-15 12:20:04,085 [INFO] PluginManager:220 - loadIPPluginJar : add nvic
2024-03-15 12:20:04,089 [INFO] IPUIPlugin:80 - create IPUIPlugin
2024-03-15 12:20:04,090 [INFO] PluginManager:220 - loadIPPluginJar : add plateformsettings
2024-03-15 12:20:04,092 [INFO] IPUIPlugin:80 - create IPUIPlugin
2024-03-15 12:20:04,092 [INFO] PluginManager:220 - loadIPPluginJar : add resmgrutility
2024-03-15 12:20:04,180 [INFO] CADModel:165 - CPN selected for project level
2024-03-15 12:20:04,181 [INFO] CADModel:114 - Register for checkConnection events
2024-03-15 12:20:04,181 [FATAL] Updater:308 - Updater called before beeing initialized
2024-03-15 12:20:04,181 [ERROR] CADModel:125 - Updater not yet initialized, retry later 
2024-03-15 12:20:04,248 [INFO] CADModel:165 - CPN selected for project level
2024-03-15 12:20:04,249 [INFO] CADModel:114 - Register for checkConnection events
2024-03-15 12:20:04,249 [FATAL] Updater:308 - Updater called before beeing initialized
2024-03-15 12:20:04,249 [ERROR] CADModel:125 - Updater not yet initialized, retry later 
2024-03-15 12:20:04,262 [FATAL] Updater:308 - Updater called before beeing initialized
2024-03-15 12:20:04,321 [FATAL] Updater:308 - Updater called before beeing initialized
2024-03-15 12:20:04,325 [INFO] DbMcusAds:53 - JSON generation date=Wed Nov 29 04:52:27 CST 2023 (1701255147349)
2024-03-15 12:20:04,325 [FATAL] Updater:308 - Updater called before beeing initialized
2024-03-15 12:20:04,349 [WARN] DetailPanel:346 - Failed to get advertising image, set to default
2024-03-15 12:20:04,420 [FATAL] Updater:308 - Updater called before beeing initialized
2024-03-15 12:20:04,421 [FATAL] Updater:308 - Updater called before beeing initialized
2024-03-15 12:20:04,422 [FATAL] Updater:308 - Updater called before beeing initialized
2024-03-15 12:20:04,422 [WARN] DetailPanel:346 - Failed to get advertising image, set to default
2024-03-15 12:20:04,422 [FATAL] Updater:308 - Updater called before beeing initialized
2024-03-15 12:20:04,445 [ERROR] Updater:1120 - MainUpdater not yet initialized. External WinMGr cannot be set.
2024-03-15 12:20:04,447 [INFO] Updater:1056 - Updater Version found : 6.9.2
2024-03-15 12:20:04,462 [INFO] ApplicationProperties:184 - Using Application install path: /opt/st/stm32cubeide_1.13.2/plugins/com.st.stm32cube.common.mx_6.9.2.202309101412
2024-03-15 12:20:04,645 [INFO] MainUpdater:2868 - connection check result : 10
2024-03-15 12:20:04,645 [INFO] MainUpdater:285 - Updater Check For Update Now.
2024-03-15 12:20:04,645 [INFO] MicroXplorer:498 - Change Database Version : DB.6.0.92
2024-03-15 12:20:04,648 [INFO] McuFinderGlobals:63 - Set McuFinder mode to 2 (CubeIDE integrated)
2024-03-15 12:20:04,648 [INFO] UserAuth:179 - activating auth plugin
2024-03-15 12:20:04,650 [INFO] UserAuth:393 - Internet connection configuration mode: 1
2024-03-15 12:20:04,657 [INFO] JxBrowserEngine:151 - Initiate JxBrowser Engine with user profile folder
2024-03-15 12:20:04,789 [INFO] CheckServerUpdateThread:120 - End of CheckServer Thread
2024-03-15 12:20:05,025 [INFO] WebApp:157 - Instantiating new browser for Auth
2024-03-15 12:20:05,348 [INFO] WebApp:753 - Register for checkConnection events
2024-03-15 12:20:05,348 [INFO] WebApp:390 - Apply proxy settings
2024-03-15 12:20:05,348 [INFO] WebApp:475 - Chromium requires no authentication
2024-03-15 12:20:05,352 [INFO] WebApp:418 - Direct internet connection detected
2024-03-15 12:20:05,433 [INFO] WebApp:188 - Starting web application
2024-03-15 12:20:05,433 [INFO] WebApp:520 - Web application path used /opt/st/stm32cubeide_1.13.2/plugins/com.st.stm32cube.common.mx_6.9.2.202309101412/db/plugins/mcufinder/reactClient1/index.html
2024-03-15 12:20:06,790 [WARN] PackLoader:240 - Cannot read IP mode file for STMicroelectronics.X-CUBE-SMBUS.2.1.0
2024-03-15 12:20:06,798 [WARN] PackLoader:240 - Cannot read IP mode file for STMicroelectronics.X-CUBE-TOUCHGFX.4.23.0
2024-03-15 12:20:06,818 [WARN] PackLoader:240 - Cannot read IP mode file for STMicroelectronics.X-CUBE-AZRTOS-F7.1.1.0
2024-03-15 12:20:06,825 [WARN] PackLoader:240 - Cannot read IP mode file for STMicroelectronics.FP-SNS-MOTENV1.4.3.2
2024-03-15 12:20:06,829 [WARN] PackLoader:240 - Cannot read IP mode file for STMicroelectronics.FP-SNS-FLIGHT1.5.0.2
2024-03-15 12:20:06,834 [WARN] PackLoader:240 - Cannot read IP mode file for STMicroelectronics.X-CUBE-DISPLAY.3.0.0
2024-03-15 12:20:06,842 [WARN] PackLoader:240 - Cannot read IP mode file for STMicroelectronics.X-CUBE-BLE1.7.0.0
2024-03-15 12:20:06,845 [WARN] PackLoader:240 - Cannot read IP mode file for emotas.I-CUBE-CANOPEN.1.3.0
2024-03-15 12:20:06,847 [WARN] PackLoader:240 - Cannot read IP mode file for STMicroelectronics.X-CUBE-TOUCHGFX.4.22.1
2024-03-15 12:20:06,854 [WARN] PackLoader:240 - Cannot read IP mode file for STMicroelectronics.X-CUBE-BLEMGR.3.1.0
2024-03-15 12:20:06,858 [WARN] PackLoader:240 - Cannot read IP mode file for STMicroelectronics.FP-SNS-SMARTAG2.1.2.0
2024-03-15 12:20:06,864 [INFO] LogOutputStream:77 - [STDOUT_REDIRECT] 1 : Invalid condition id : UX_CORESTACK_Condition cause : null
2024-03-15 12:20:06,865 [INFO] LogOutputStream:77 - [STDOUT_REDIRECT] 1 : Invalid condition id : UX_CORESTACK_Condition cause : null
2024-03-15 12:20:06,865 [INFO] LogOutputStream:77 - [STDOUT_REDIRECT] 1 : Invalid condition id : UX_CORESTACK_Condition cause : null
2024-03-15 12:20:06,865 [INFO] LogOutputStream:77 - [STDOUT_REDIRECT] 1 : Invalid condition id : UX_CORESTACK_Condition cause : null
2024-03-15 12:20:06,865 [INFO] LogOutputStream:77 - [STDOUT_REDIRECT] 1 : Invalid condition id : UX_CORESTACK_Condition cause : null
2024-03-15 12:20:06,868 [WARN] PackLoader:240 - Cannot read IP mode file for STMicroelectronics.X-CUBE-AZRTOS-WL.2.0.0
2024-03-15 12:20:06,872 [WARN] PackLoader:240 - Cannot read IP mode file for WES.I-CUBE-Cesium.1.3.0
2024-03-15 12:20:06,875 [WARN] PackLoader:240 - Cannot read IP mode file for STMicroelectronics.X-CUBE-BLE2.3.3.0
2024-03-15 12:20:06,878 [WARN] PackLoader:240 - Cannot read IP mode file for STMicroelectronics.X-CUBE-ALGOBUILD.1.3.0
2024-03-15 12:20:06,887 [WARN] PackLoader:240 - Cannot read IP mode file for STMicroelectronics.X-CUBE-AZRTOS-G0.1.1.0
2024-03-15 12:20:06,891 [WARN] PackLoader:240 - Cannot read IP mode file for STMicroelectronics.X-CUBE-NFC4.3.0.0
2024-03-15 12:20:06,897 [WARN] PackLoader:240 - Cannot read IP mode file for STMicroelectronics.X-CUBE-BLEMGR.3.0.0
2024-03-15 12:20:06,900 [WARN] PackLoader:240 - Cannot read IP mode file for STMicroelectronics.FP-ATR-SIGFOX1.3.2.0
2024-03-15 12:20:06,904 [WARN] PackLoader:240 - Cannot read IP mode file for STMicroelectronics.X-CUBE-EEPRMA1.5.1.0
2024-03-15 12:20:06,942 [WARN] PackLoader:240 - Cannot read IP mode file for SEGGER.I-CUBE-embOS.1.3.1
2024-03-15 12:20:06,993 [WARN] PackLoader:240 - Cannot read IP mode file for STMicroelectronics.X-CUBE-GNSS1.6.0.0
2024-03-15 12:20:07,011 [WARN] PackLoader:240 - Cannot read IP mode file for STMicroelectronics.X-CUBE-AZRTOS-F4.1.1.0
2024-03-15 12:20:07,017 [WARN] PackLoader:240 - Cannot read IP mode file for wolfSSL.I-CUBE-wolfSSL.5.6.3
2024-03-15 12:20:07,035 [WARN] PackLoader:240 - Cannot read IP mode file for STMicroelectronics.X-CUBE-AZRTOS-L5.2.0.0
2024-03-15 12:20:07,049 [WARN] PackLoader:240 - Cannot read IP mode file for STMicroelectronics.X-CUBE-EEPRMA1.4.2.0
2024-03-15 12:20:07,053 [WARN] PackLoader:240 - Cannot read IP mode file for ITTIA_DB.I-CUBE-ITTIADB.8.8.0
2024-03-15 12:20:07,060 [WARN] PackLoader:240 - Cannot read IP mode file for STMicroelectronics.X-CUBE-BLEMGR.2.0.0
2024-03-15 12:20:07,076 [WARN] ConditionMgr:438 - getConditionDescription Invalid condition id : UX DEVICE CLASS RTOS Condition cause : null
2024-03-15 12:20:07,076 [WARN] ConditionMgr:438 - getConditionDescription Invalid condition id : UX DEVICE CLASS RTOS Condition cause : null
2024-03-15 12:20:07,078 [WARN] PackLoader:240 - Cannot read IP mode file for STMicroelectronics.X-CUBE-AZRTOS-H7.3.1.0
2024-03-15 12:20:07,079 [WARN] ConditionMgr:1039 - genDependencies : Invalid condition id : UX DEVICE CLASS RTOS Condition cause : null
2024-03-15 12:20:07,079 [WARN] ConditionMgr:1039 - genDependencies : Invalid condition id : UX DEVICE CLASS RTOS Condition cause : null
2024-03-15 12:20:07,079 [WARN] ConditionMgr:1039 - genDependencies : Invalid condition id : UX DEVICE CLASS RTOS Condition cause : null
2024-03-15 12:20:07,079 [WARN] ConditionMgr:1039 - genDependencies : Invalid condition id : UX DEVICE CLASS RTOS Condition cause : null
2024-03-15 12:20:07,080 [WARN] ConditionMgr:1039 - genDependencies : Invalid condition id : UX DEVICE CLASS RTOS Condition cause : null
2024-03-15 12:20:07,083 [WARN] PackLoader:240 - Cannot read IP mode file for STMicroelectronics.X-CUBE-NFC7.1.0.1
2024-03-15 12:20:07,090 [WARN] PackLoader:240 - Cannot read IP mode file for STMicroelectronics.X-CUBE-NFC6.3.0.0
2024-03-15 12:20:07,096 [WARN] PackLoader:240 - Cannot read IP mode file for STMicroelectronics.X-CUBE-EEPRMA1.4.1.0
2024-03-15 12:20:07,099 [WARN] PackLoader:240 - Cannot read IP mode file for STMicroelectronics.X-CUBE-AI.8.1.0
2024-03-15 12:20:07,109 [WARN] ConditionMgr:438 - getConditionDescription Invalid condition id : LAN8742 Phy interface Condition cause : null
2024-03-15 12:20:07,110 [WARN] PackLoader:240 - Cannot read IP mode file for STMicroelectronics.X-CUBE-AZRTOS-L4.2.0.0
2024-03-15 12:20:07,111 [WARN] ConditionMgr:1039 - genDependencies : Invalid condition id : LAN8742 Phy interface Condition cause : null
2024-03-15 12:20:07,111 [WARN] ConditionMgr:1039 - genDependencies : Invalid condition id : LAN8742 Phy interface Condition cause : null
2024-03-15 12:20:07,111 [WARN] ConditionMgr:1039 - genDependencies : Invalid condition id : LAN8742 Phy interface Condition cause : null
2024-03-15 12:20:07,116 [WARN] PackLoader:240 - Cannot read IP mode file for STMicroelectronics.X-CUBE-SFXS2LP1.4.0.0
2024-03-15 12:20:07,120 [WARN] PackLoader:240 - Cannot read IP mode file for STMicroelectronics.X-CUBE-ISPU.1.1.0
2024-03-15 12:20:07,130 [WARN] ConditionMgr:438 - getConditionDescription Invalid condition id : UX DEVICE CLASS RTOS Condition cause : null
2024-03-15 12:20:07,130 [WARN] ConditionMgr:438 - getConditionDescription Invalid condition id : UX DEVICE CLASS RTOS Condition cause : null
2024-03-15 12:20:07,133 [WARN] PackLoader:240 - Cannot read IP mode file for STMicroelectronics.X-CUBE-AZRTOS-WB.2.0.0
2024-03-15 12:20:07,133 [WARN] ConditionMgr:1039 - genDependencies : Invalid condition id : UX DEVICE CLASS RTOS Condition cause : null
2024-03-15 12:20:07,134 [WARN] ConditionMgr:1039 - genDependencies : Invalid condition id : UX DEVICE CLASS RTOS Condition cause : null
2024-03-15 12:20:07,134 [WARN] ConditionMgr:1039 - genDependencies : Invalid condition id : UX DEVICE CLASS RTOS Condition cause : null
2024-03-15 12:20:07,135 [WARN] ConditionMgr:1039 - genDependencies : Invalid condition id : UX DEVICE CLASS RTOS Condition cause : null
2024-03-15 12:20:07,135 [WARN] ConditionMgr:1039 - genDependencies : Invalid condition id : UX DEVICE CLASS RTOS Condition cause : null
2024-03-15 12:20:07,143 [WARN] PackLoader:240 - Cannot read IP mode file for STMicroelectronics.X-CUBE-SUBG2.5.0.0
2024-03-15 12:20:07,156 [WARN] PackLoader:240 - Cannot read IP mode file for STMicroelectronics.X-CUBE-TOF1.3.3.1
2024-03-15 12:20:07,184 [WARN] PackLoader:240 - Cannot read IP mode file for STMicroelectronics.X-CUBE-AZRTOS-G4.2.0.0
2024-03-15 12:20:07,196 [WARN] PackLoader:240 - Cannot read IP mode file for Infineon.AIROC-Wi-Fi-Bluetooth-STM32.1.5.1
2024-03-15 12:20:07,202 [WARN] PackLoader:240 - Cannot read IP mode file for STMicroelectronics.FP-SNS-MOTENVWB1.1.3.1
2024-03-15 12:20:07,206 [WARN] PackLoader:240 - Cannot read IP mode file for STMicroelectronics.X-CUBE-ISPU.2.0.0
2024-03-15 12:20:07,236 [WARN] PackLoader:240 - Cannot read IP mode file for STMicroelectronics.X-CUBE-MEMS1.10.0.0
2024-03-15 12:20:07,313 [WARN] PackLoader:240 - Cannot read IP mode file for STMicroelectronics.X-CUBE-FREERTOS.1.1.0
2024-03-15 12:20:07,315 [WARN] PackLoader:240 - Cannot read IP mode file for portGmbH.I-Cube-SoM-uGOAL.1.1.0
2024-03-15 12:20:07,317 [WARN] PackLoader:240 - Cannot read IP mode file for STMicroelectronics.X-CUBE-ALS.1.0.1
2024-03-15 12:20:07,318 [WARN] PackLoader:240 - Cannot read IP mode file for STMicroelectronics.FP-ATR-ASTRA1.2.0.0
2024-03-15 12:20:07,326 [WARN] PackLoader:240 - Cannot read IP mode file for STMicroelectronics.X-CUBE-TOF1.3.4.0
2024-03-15 12:20:07,338 [WARN] PackLoader:240 - Cannot read IP mode file for STMicroelectronics.X-CUBE-TOF1.3.4.1
2024-03-15 12:20:07,355 [WARN] PackLoader:240 - Cannot read IP mode file for STMicroelectronics.X-CUBE-AZRTOS-H7.3.2.0
2024-03-15 12:20:07,357 [INFO] ThirdParty:978 - Integrity check success = true
2024-03-15 12:20:07,358 [INFO] IntegrityCheckThread:100 - exiting critical section [integrity check]
2024-03-15 12:20:07,358 [INFO] IntegrityCheckThread:103 - End integrity checks thread
2024-03-15 12:20:25,652 [ERROR] LogOutputStream:75 - [STDERR_REDIRECT] SLF4J: Failed to load class "org.slf4j.impl.StaticLoggerBinder".
2024-03-15 12:20:25,652 [ERROR] LogOutputStream:75 - [STDERR_REDIRECT] SLF4J: Defaulting to no-operation (NOP) logger implementation
2024-03-15 12:20:25,653 [ERROR] LogOutputStream:75 - [STDERR_REDIRECT] SLF4J: See http://www.slf4j.org/codes.html#StaticLoggerBinder for further details.
2024-03-15 12:47:24,071 [ERROR] LogOutputStream:75 - [STDERR_REDIRECT] 
